[24-03-2022 11:13:51] Error E_WARNING: filemtime(): stat failed for C:\xampp\htdocs\wordpress/wp-content/uploads/wpcf7_uploads/411689164623c526feb973.tmp in C:\xampp\htdocs\wordpress\wp-content\plugins\contact-form-7\includes\file.php:347
[24-03-2022 11:26:57] Error E_WARNING: filemtime(): stat failed for C:\xampp\htdocs\wordpress/wp-content/uploads/wpcf7_uploads/517908475623c55815852a.tmp in C:\xampp\htdocs\wordpress\wp-content\plugins\contact-form-7\includes\file.php:347
[24-03-2022 11:33:57] Error E_WARNING: filemtime(): stat failed for C:\xampp\htdocs\wordpress/wp-content/uploads/wpcf7_uploads/414179556623c572540330.tmp in C:\xampp\htdocs\wordpress\wp-content\plugins\contact-form-7\includes\file.php:347
[24-03-2022 11:40:55] Error E_WARNING: A non-numeric value encountered in C:\xampp\htdocs\wordpress\wp-includes\media.php:598
[24-03-2022 11:40:55] Error E_WARNING: A non-numeric value encountered in C:\xampp\htdocs\wordpress\wp-includes\media.php:600
[24-03-2022 11:40:55] Error E_WARNING: A non-numeric value encountered in C:\xampp\htdocs\wordpress\wp-includes\media.php:598
[24-03-2022 11:40:55] Error E_WARNING: A non-numeric value encountered in C:\xampp\htdocs\wordpress\wp-includes\media.php:600
[24-03-2022 11:40:55] Error E_WARNING: imagecreatetruecolor(): Invalid image dimensions in C:\xampp\htdocs\wordpress\wp-includes\media.php:3669
[24-03-2022 11:40:55] Error E_WARNING: imagecopyresampled() expects parameter 1 to be resource, bool given in C:\xampp\htdocs\wordpress\wp-includes\class-wp-image-editor-gd.php:206
[24-03-2022 11:40:57] Error E_WARNING: A non-numeric value encountered in C:\xampp\htdocs\wordpress\wp-includes\media.php:598
[24-03-2022 11:40:58] Error E_WARNING: A non-numeric value encountered in C:\xampp\htdocs\wordpress\wp-includes\media.php:600
[24-03-2022 11:40:58] Error E_WARNING: A non-numeric value encountered in C:\xampp\htdocs\wordpress\wp-includes\media.php:598
[24-03-2022 11:40:58] Error E_WARNING: A non-numeric value encountered in C:\xampp\htdocs\wordpress\wp-includes\media.php:600
[24-03-2022 11:40:58] Error E_WARNING: imagecreatetruecolor(): Invalid image dimensions in C:\xampp\htdocs\wordpress\wp-includes\media.php:3669
[24-03-2022 11:40:58] Error E_WARNING: imagecopyresampled() expects parameter 1 to be resource, bool given in C:\xampp\htdocs\wordpress\wp-includes\class-wp-image-editor-gd.php:206
[24-03-2022 11:40:58] Error E_WARNING: A non-numeric value encountered in C:\xampp\htdocs\wordpress\wp-content\plugins\elementor\includes\libraries\bfi-thumb\bfi-thumb.php:748
[24-03-2022 11:40:58] Error E_WARNING: A non-numeric value encountered in C:\xampp\htdocs\wordpress\wp-content\plugins\elementor\includes\libraries\bfi-thumb\bfi-thumb.php:750
[24-03-2022 11:40:58] Error E_WARNING: A non-numeric value encountered in C:\xampp\htdocs\wordpress\wp-includes\media.php:598
[24-03-2022 11:40:58] Error E_WARNING: A non-numeric value encountered in C:\xampp\htdocs\wordpress\wp-includes\media.php:600
[24-03-2022 11:40:58] Error E_WARNING: A non-numeric value encountered in C:\xampp\htdocs\wordpress\wp-content\plugins\elementor\includes\libraries\bfi-thumb\bfi-thumb.php:748
[24-03-2022 11:40:58] Error E_WARNING: A non-numeric value encountered in C:\xampp\htdocs\wordpress\wp-content\plugins\elementor\includes\libraries\bfi-thumb\bfi-thumb.php:750
[24-03-2022 11:40:58] Error E_WARNING: A non-numeric value encountered in C:\xampp\htdocs\wordpress\wp-includes\media.php:598
[24-03-2022 11:40:58] Error E_WARNING: A non-numeric value encountered in C:\xampp\htdocs\wordpress\wp-includes\media.php:600
[24-03-2022 11:40:58] Error E_WARNING: imagecreatetruecolor(): Invalid image dimensions in C:\xampp\htdocs\wordpress\wp-includes\media.php:3669
[24-03-2022 11:40:58] Error E_WARNING: imagecopyresampled() expects parameter 1 to be resource, bool given in C:\xampp\htdocs\wordpress\wp-includes\class-wp-image-editor-gd.php:206
[24-03-2022 11:41:00] Error E_WARNING: A non-numeric value encountered in C:\xampp\htdocs\wordpress\wp-content\plugins\elementor\includes\libraries\bfi-thumb\bfi-thumb.php:748
[24-03-2022 11:41:00] Error E_WARNING: A non-numeric value encountered in C:\xampp\htdocs\wordpress\wp-content\plugins\elementor\includes\libraries\bfi-thumb\bfi-thumb.php:750
[24-03-2022 11:41:00] Error E_WARNING: A non-numeric value encountered in C:\xampp\htdocs\wordpress\wp-includes\media.php:598
[24-03-2022 11:41:00] Error E_WARNING: A non-numeric value encountered in C:\xampp\htdocs\wordpress\wp-includes\media.php:600
[24-03-2022 11:41:00] Error E_WARNING: A non-numeric value encountered in C:\xampp\htdocs\wordpress\wp-content\plugins\elementor\includes\libraries\bfi-thumb\bfi-thumb.php:748
[24-03-2022 11:41:00] Error E_WARNING: A non-numeric value encountered in C:\xampp\htdocs\wordpress\wp-content\plugins\elementor\includes\libraries\bfi-thumb\bfi-thumb.php:750
[24-03-2022 11:41:00] Error E_WARNING: A non-numeric value encountered in C:\xampp\htdocs\wordpress\wp-includes\media.php:598
[24-03-2022 11:41:00] Error E_WARNING: A non-numeric value encountered in C:\xampp\htdocs\wordpress\wp-includes\media.php:600
[24-03-2022 11:41:00] Error E_WARNING: imagecreatetruecolor(): Invalid image dimensions in C:\xampp\htdocs\wordpress\wp-includes\media.php:3669
[24-03-2022 11:41:00] Error E_WARNING: imagecopyresampled() expects parameter 1 to be resource, bool given in C:\xampp\htdocs\wordpress\wp-includes\class-wp-image-editor-gd.php:206
[24-03-2022 11:41:03] Error E_WARNING: A non-numeric value encountered in C:\xampp\htdocs\wordpress\wp-includes\media.php:598
[24-03-2022 11:41:03] Error E_WARNING: A non-numeric value encountered in C:\xampp\htdocs\wordpress\wp-includes\media.php:600
[24-03-2022 11:41:03] Error E_WARNING: A non-numeric value encountered in C:\xampp\htdocs\wordpress\wp-includes\media.php:598
[24-03-2022 11:41:03] Error E_WARNING: A non-numeric value encountered in C:\xampp\htdocs\wordpress\wp-includes\media.php:600
[24-03-2022 11:41:03] Error E_WARNING: imagecreatetruecolor(): Invalid image dimensions in C:\xampp\htdocs\wordpress\wp-includes\media.php:3669
[24-03-2022 11:41:03] Error E_WARNING: imagecopyresampled() expects parameter 1 to be resource, bool given in C:\xampp\htdocs\wordpress\wp-includes\class-wp-image-editor-gd.php:206
[24-03-2022 11:41:05] Error E_WARNING: A non-numeric value encountered in C:\xampp\htdocs\wordpress\wp-content\plugins\elementor\includes\libraries\bfi-thumb\bfi-thumb.php:748
[24-03-2022 11:41:05] Error E_WARNING: A non-numeric value encountered in C:\xampp\htdocs\wordpress\wp-content\plugins\elementor\includes\libraries\bfi-thumb\bfi-thumb.php:750
[24-03-2022 11:41:05] Error E_WARNING: A non-numeric value encountered in C:\xampp\htdocs\wordpress\wp-includes\media.php:598
[24-03-2022 11:41:05] Error E_WARNING: A non-numeric value encountered in C:\xampp\htdocs\wordpress\wp-includes\media.php:600
[24-03-2022 11:41:05] Error E_WARNING: A non-numeric value encountered in C:\xampp\htdocs\wordpress\wp-content\plugins\elementor\includes\libraries\bfi-thumb\bfi-thumb.php:748
[24-03-2022 11:41:05] Error E_WARNING: A non-numeric value encountered in C:\xampp\htdocs\wordpress\wp-content\plugins\elementor\includes\libraries\bfi-thumb\bfi-thumb.php:750
[24-03-2022 11:41:05] Error E_WARNING: A non-numeric value encountered in C:\xampp\htdocs\wordpress\wp-includes\media.php:598
[24-03-2022 11:41:05] Error E_WARNING: A non-numeric value encountered in C:\xampp\htdocs\wordpress\wp-includes\media.php:600
[24-03-2022 11:41:05] Error E_WARNING: imagecreatetruecolor(): Invalid image dimensions in C:\xampp\htdocs\wordpress\wp-includes\media.php:3669
[24-03-2022 11:41:05] Error E_WARNING: imagecopyresampled() expects parameter 1 to be resource, bool given in C:\xampp\htdocs\wordpress\wp-includes\class-wp-image-editor-gd.php:206
[24-03-2022 11:41:15] Error E_WARNING: A non-numeric value encountered in C:\xampp\htdocs\wordpress\wp-content\plugins\elementor\includes\libraries\bfi-thumb\bfi-thumb.php:748
[24-03-2022 11:41:15] Error E_WARNING: A non-numeric value encountered in C:\xampp\htdocs\wordpress\wp-content\plugins\elementor\includes\libraries\bfi-thumb\bfi-thumb.php:750
[24-03-2022 11:41:15] Error E_WARNING: A non-numeric value encountered in C:\xampp\htdocs\wordpress\wp-includes\media.php:598
[24-03-2022 11:41:15] Error E_WARNING: A non-numeric value encountered in C:\xampp\htdocs\wordpress\wp-includes\media.php:600
[24-03-2022 11:41:15] Error E_WARNING: A non-numeric value encountered in C:\xampp\htdocs\wordpress\wp-content\plugins\elementor\includes\libraries\bfi-thumb\bfi-thumb.php:748
[24-03-2022 11:41:15] Error E_WARNING: A non-numeric value encountered in C:\xampp\htdocs\wordpress\wp-content\plugins\elementor\includes\libraries\bfi-thumb\bfi-thumb.php:750
[24-03-2022 11:41:15] Error E_WARNING: A non-numeric value encountered in C:\xampp\htdocs\wordpress\wp-includes\media.php:598
[24-03-2022 11:41:15] Error E_WARNING: A non-numeric value encountered in C:\xampp\htdocs\wordpress\wp-includes\media.php:600
[24-03-2022 11:41:15] Error E_WARNING: imagecreatetruecolor(): Invalid image dimensions in C:\xampp\htdocs\wordpress\wp-includes\media.php:3669
[24-03-2022 11:41:15] Error E_WARNING: imagecopyresampled() expects parameter 1 to be resource, bool given in C:\xampp\htdocs\wordpress\wp-includes\class-wp-image-editor-gd.php:206
[24-03-2022 11:42:12] Error E_WARNING: A non-numeric value encountered in C:\xampp\htdocs\wordpress\wp-content\plugins\elementor\includes\libraries\bfi-thumb\bfi-thumb.php:748
[24-03-2022 11:42:12] Error E_WARNING: A non-numeric value encountered in C:\xampp\htdocs\wordpress\wp-content\plugins\elementor\includes\libraries\bfi-thumb\bfi-thumb.php:750
[24-03-2022 11:42:12] Error E_WARNING: A non-numeric value encountered in C:\xampp\htdocs\wordpress\wp-includes\media.php:598
[24-03-2022 11:42:12] Error E_WARNING: A non-numeric value encountered in C:\xampp\htdocs\wordpress\wp-includes\media.php:600
[24-03-2022 11:42:12] Error E_WARNING: A non-numeric value encountered in C:\xampp\htdocs\wordpress\wp-content\plugins\elementor\includes\libraries\bfi-thumb\bfi-thumb.php:748
[24-03-2022 11:42:12] Error E_WARNING: A non-numeric value encountered in C:\xampp\htdocs\wordpress\wp-content\plugins\elementor\includes\libraries\bfi-thumb\bfi-thumb.php:750
[24-03-2022 11:42:12] Error E_WARNING: A non-numeric value encountered in C:\xampp\htdocs\wordpress\wp-includes\media.php:598
[24-03-2022 11:42:12] Error E_WARNING: A non-numeric value encountered in C:\xampp\htdocs\wordpress\wp-includes\media.php:600
[24-03-2022 11:42:12] Error E_WARNING: imagecreatetruecolor(): Invalid image dimensions in C:\xampp\htdocs\wordpress\wp-includes\media.php:3669
[24-03-2022 11:42:12] Error E_WARNING: imagecopyresampled() expects parameter 1 to be resource, bool given in C:\xampp\htdocs\wordpress\wp-includes\class-wp-image-editor-gd.php:206
[24-03-2022 11:42:47] Error E_WARNING: A non-numeric value encountered in C:\xampp\htdocs\wordpress\wp-includes\media.php:598
[24-03-2022 11:42:47] Error E_WARNING: A non-numeric value encountered in C:\xampp\htdocs\wordpress\wp-includes\media.php:600
[24-03-2022 11:42:47] Error E_WARNING: A non-numeric value encountered in C:\xampp\htdocs\wordpress\wp-includes\media.php:598
[24-03-2022 11:42:47] Error E_WARNING: A non-numeric value encountered in C:\xampp\htdocs\wordpress\wp-includes\media.php:600
[24-03-2022 11:42:47] Error E_WARNING: imagecreatetruecolor(): Invalid image dimensions in C:\xampp\htdocs\wordpress\wp-includes\media.php:3669
[24-03-2022 11:42:47] Error E_WARNING: imagecopyresampled() expects parameter 1 to be resource, bool given in C:\xampp\htdocs\wordpress\wp-includes\class-wp-image-editor-gd.php:206
[24-03-2022 11:42:59] Error E_WARNING: A non-numeric value encountered in C:\xampp\htdocs\wordpress\wp-content\plugins\elementor\includes\libraries\bfi-thumb\bfi-thumb.php:748
[24-03-2022 11:42:59] Error E_WARNING: A non-numeric value encountered in C:\xampp\htdocs\wordpress\wp-content\plugins\elementor\includes\libraries\bfi-thumb\bfi-thumb.php:750
[24-03-2022 11:42:59] Error E_WARNING: A non-numeric value encountered in C:\xampp\htdocs\wordpress\wp-includes\media.php:598
[24-03-2022 11:42:59] Error E_WARNING: A non-numeric value encountered in C:\xampp\htdocs\wordpress\wp-includes\media.php:600
[24-03-2022 11:42:59] Error E_WARNING: A non-numeric value encountered in C:\xampp\htdocs\wordpress\wp-content\plugins\elementor\includes\libraries\bfi-thumb\bfi-thumb.php:748
[24-03-2022 11:42:59] Error E_WARNING: A non-numeric value encountered in C:\xampp\htdocs\wordpress\wp-content\plugins\elementor\includes\libraries\bfi-thumb\bfi-thumb.php:750
[24-03-2022 11:42:59] Error E_WARNING: A non-numeric value encountered in C:\xampp\htdocs\wordpress\wp-includes\media.php:598
[24-03-2022 11:42:59] Error E_WARNING: A non-numeric value encountered in C:\xampp\htdocs\wordpress\wp-includes\media.php:600
[24-03-2022 11:42:59] Error E_WARNING: imagecreatetruecolor(): Invalid image dimensions in C:\xampp\htdocs\wordpress\wp-includes\media.php:3669
[24-03-2022 11:42:59] Error E_WARNING: imagecopyresampled() expects parameter 1 to be resource, bool given in C:\xampp\htdocs\wordpress\wp-includes\class-wp-image-editor-gd.php:206
[24-03-2022 11:43:27] Error E_WARNING: A non-numeric value encountered in C:\xampp\htdocs\wordpress\wp-includes\media.php:598
[24-03-2022 11:43:27] Error E_WARNING: A non-numeric value encountered in C:\xampp\htdocs\wordpress\wp-includes\media.php:600
[24-03-2022 11:43:27] Error E_WARNING: A non-numeric value encountered in C:\xampp\htdocs\wordpress\wp-includes\media.php:598
[24-03-2022 11:43:27] Error E_WARNING: A non-numeric value encountered in C:\xampp\htdocs\wordpress\wp-includes\media.php:600
[24-03-2022 11:43:27] Error E_WARNING: imagecreatetruecolor(): Invalid image dimensions in C:\xampp\htdocs\wordpress\wp-includes\media.php:3669
[24-03-2022 11:43:27] Error E_WARNING: imagecopyresampled() expects parameter 1 to be resource, bool given in C:\xampp\htdocs\wordpress\wp-includes\class-wp-image-editor-gd.php:206
[24-03-2022 11:43:33] Error E_WARNING: A non-numeric value encountered in C:\xampp\htdocs\wordpress\wp-content\plugins\elementor\includes\libraries\bfi-thumb\bfi-thumb.php:748
[24-03-2022 11:43:33] Error E_WARNING: A non-numeric value encountered in C:\xampp\htdocs\wordpress\wp-content\plugins\elementor\includes\libraries\bfi-thumb\bfi-thumb.php:750
[24-03-2022 11:43:33] Error E_WARNING: A non-numeric value encountered in C:\xampp\htdocs\wordpress\wp-includes\media.php:598
[24-03-2022 11:43:33] Error E_WARNING: A non-numeric value encountered in C:\xampp\htdocs\wordpress\wp-includes\media.php:600
[24-03-2022 11:43:33] Error E_WARNING: A non-numeric value encountered in C:\xampp\htdocs\wordpress\wp-content\plugins\elementor\includes\libraries\bfi-thumb\bfi-thumb.php:748
[24-03-2022 11:43:33] Error E_WARNING: A non-numeric value encountered in C:\xampp\htdocs\wordpress\wp-content\plugins\elementor\includes\libraries\bfi-thumb\bfi-thumb.php:750
[24-03-2022 11:43:33] Error E_WARNING: A non-numeric value encountered in C:\xampp\htdocs\wordpress\wp-includes\media.php:598
[24-03-2022 11:43:33] Error E_WARNING: A non-numeric value encountered in C:\xampp\htdocs\wordpress\wp-includes\media.php:600
[24-03-2022 11:43:33] Error E_WARNING: imagecreatetruecolor(): Invalid image dimensions in C:\xampp\htdocs\wordpress\wp-includes\media.php:3669
[24-03-2022 11:43:33] Error E_WARNING: imagecopyresampled() expects parameter 1 to be resource, bool given in C:\xampp\htdocs\wordpress\wp-includes\class-wp-image-editor-gd.php:206
[24-03-2022 11:44:22] Error E_WARNING: A non-numeric value encountered in C:\xampp\htdocs\wordpress\wp-includes\media.php:598
[24-03-2022 11:44:22] Error E_WARNING: A non-numeric value encountered in C:\xampp\htdocs\wordpress\wp-includes\media.php:600
[24-03-2022 11:44:22] Error E_WARNING: A non-numeric value encountered in C:\xampp\htdocs\wordpress\wp-includes\media.php:598
[24-03-2022 11:44:22] Error E_WARNING: A non-numeric value encountered in C:\xampp\htdocs\wordpress\wp-includes\media.php:600
[24-03-2022 11:44:22] Error E_WARNING: imagecreatetruecolor(): Invalid image dimensions in C:\xampp\htdocs\wordpress\wp-includes\media.php:3669
[24-03-2022 11:44:22] Error E_WARNING: imagecopyresampled() expects parameter 1 to be resource, bool given in C:\xampp\htdocs\wordpress\wp-includes\class-wp-image-editor-gd.php:206
[24-03-2022 11:44:29] Error E_WARNING: A non-numeric value encountered in C:\xampp\htdocs\wordpress\wp-content\plugins\elementor\includes\libraries\bfi-thumb\bfi-thumb.php:748
[24-03-2022 11:44:29] Error E_WARNING: A non-numeric value encountered in C:\xampp\htdocs\wordpress\wp-content\plugins\elementor\includes\libraries\bfi-thumb\bfi-thumb.php:750
[24-03-2022 11:44:29] Error E_WARNING: A non-numeric value encountered in C:\xampp\htdocs\wordpress\wp-includes\media.php:598
[24-03-2022 11:44:30] Error E_WARNING: A non-numeric value encountered in C:\xampp\htdocs\wordpress\wp-includes\media.php:600
[24-03-2022 11:44:30] Error E_WARNING: A non-numeric value encountered in C:\xampp\htdocs\wordpress\wp-content\plugins\elementor\includes\libraries\bfi-thumb\bfi-thumb.php:748
[24-03-2022 11:44:30] Error E_WARNING: A non-numeric value encountered in C:\xampp\htdocs\wordpress\wp-content\plugins\elementor\includes\libraries\bfi-thumb\bfi-thumb.php:750
[24-03-2022 11:44:30] Error E_WARNING: A non-numeric value encountered in C:\xampp\htdocs\wordpress\wp-includes\media.php:598
[24-03-2022 11:44:30] Error E_WARNING: A non-numeric value encountered in C:\xampp\htdocs\wordpress\wp-includes\media.php:600
[24-03-2022 11:44:30] Error E_WARNING: imagecreatetruecolor(): Invalid image dimensions in C:\xampp\htdocs\wordpress\wp-includes\media.php:3669
[24-03-2022 11:44:30] Error E_WARNING: imagecopyresampled() expects parameter 1 to be resource, bool given in C:\xampp\htdocs\wordpress\wp-includes\class-wp-image-editor-gd.php:206
[24-03-2022 11:45:09] Error E_WARNING: A non-numeric value encountered in C:\xampp\htdocs\wordpress\wp-includes\media.php:598
[24-03-2022 11:45:09] Error E_WARNING: A non-numeric value encountered in C:\xampp\htdocs\wordpress\wp-includes\media.php:600
[24-03-2022 11:45:10] Error E_WARNING: A non-numeric value encountered in C:\xampp\htdocs\wordpress\wp-includes\media.php:598
[24-03-2022 11:45:10] Error E_WARNING: A non-numeric value encountered in C:\xampp\htdocs\wordpress\wp-includes\media.php:600
[24-03-2022 11:45:10] Error E_WARNING: imagecreatetruecolor(): Invalid image dimensions in C:\xampp\htdocs\wordpress\wp-includes\media.php:3669
[24-03-2022 11:45:10] Error E_WARNING: imagecopyresampled() expects parameter 1 to be resource, bool given in C:\xampp\htdocs\wordpress\wp-includes\class-wp-image-editor-gd.php:206
[24-03-2022 11:45:40] Error E_WARNING: A non-numeric value encountered in C:\xampp\htdocs\wordpress\wp-includes\media.php:598
[24-03-2022 11:45:40] Error E_WARNING: A non-numeric value encountered in C:\xampp\htdocs\wordpress\wp-includes\media.php:600
[24-03-2022 11:45:40] Error E_WARNING: A non-numeric value encountered in C:\xampp\htdocs\wordpress\wp-includes\media.php:598
[24-03-2022 11:45:40] Error E_WARNING: A non-numeric value encountered in C:\xampp\htdocs\wordpress\wp-includes\media.php:600
[24-03-2022 11:45:40] Error E_WARNING: imagecreatetruecolor(): Invalid image dimensions in C:\xampp\htdocs\wordpress\wp-includes\media.php:3669
[24-03-2022 11:45:40] Error E_WARNING: imagecopyresampled() expects parameter 1 to be resource, bool given in C:\xampp\htdocs\wordpress\wp-includes\class-wp-image-editor-gd.php:206
[24-03-2022 11:45:54] Error E_WARNING: A non-numeric value encountered in C:\xampp\htdocs\wordpress\wp-content\plugins\elementor\includes\libraries\bfi-thumb\bfi-thumb.php:748
[24-03-2022 11:45:54] Error E_WARNING: A non-numeric value encountered in C:\xampp\htdocs\wordpress\wp-content\plugins\elementor\includes\libraries\bfi-thumb\bfi-thumb.php:750
[24-03-2022 11:45:54] Error E_WARNING: A non-numeric value encountered in C:\xampp\htdocs\wordpress\wp-includes\media.php:598
[24-03-2022 11:45:54] Error E_WARNING: A non-numeric value encountered in C:\xampp\htdocs\wordpress\wp-includes\media.php:600
[24-03-2022 11:45:54] Error E_WARNING: A non-numeric value encountered in C:\xampp\htdocs\wordpress\wp-content\plugins\elementor\includes\libraries\bfi-thumb\bfi-thumb.php:748
[24-03-2022 11:45:54] Error E_WARNING: A non-numeric value encountered in C:\xampp\htdocs\wordpress\wp-content\plugins\elementor\includes\libraries\bfi-thumb\bfi-thumb.php:750
[24-03-2022 11:45:54] Error E_WARNING: A non-numeric value encountered in C:\xampp\htdocs\wordpress\wp-includes\media.php:598
[24-03-2022 11:45:54] Error E_WARNING: A non-numeric value encountered in C:\xampp\htdocs\wordpress\wp-includes\media.php:600
[24-03-2022 11:45:54] Error E_WARNING: imagecreatetruecolor(): Invalid image dimensions in C:\xampp\htdocs\wordpress\wp-includes\media.php:3669
[24-03-2022 11:45:54] Error E_WARNING: imagecopyresampled() expects parameter 1 to be resource, bool given in C:\xampp\htdocs\wordpress\wp-includes\class-wp-image-editor-gd.php:206
[24-03-2022 11:48:39] Error E_WARNING: A non-numeric value encountered in C:\xampp\htdocs\wordpress\wp-includes\media.php:598
[24-03-2022 11:48:39] Error E_WARNING: A non-numeric value encountered in C:\xampp\htdocs\wordpress\wp-includes\media.php:600
[24-03-2022 11:48:39] Error E_WARNING: A non-numeric value encountered in C:\xampp\htdocs\wordpress\wp-includes\media.php:598
[24-03-2022 11:48:39] Error E_WARNING: A non-numeric value encountered in C:\xampp\htdocs\wordpress\wp-includes\media.php:600
[24-03-2022 11:48:39] Error E_WARNING: imagecreatetruecolor(): Invalid image dimensions in C:\xampp\htdocs\wordpress\wp-includes\media.php:3669
[24-03-2022 11:48:39] Error E_WARNING: imagecopyresampled() expects parameter 1 to be resource, bool given in C:\xampp\htdocs\wordpress\wp-includes\class-wp-image-editor-gd.php:206
[24-03-2022 11:48:46] Error E_WARNING: A non-numeric value encountered in C:\xampp\htdocs\wordpress\wp-content\plugins\elementor\includes\libraries\bfi-thumb\bfi-thumb.php:748
[24-03-2022 11:48:46] Error E_WARNING: A non-numeric value encountered in C:\xampp\htdocs\wordpress\wp-content\plugins\elementor\includes\libraries\bfi-thumb\bfi-thumb.php:750
[24-03-2022 11:48:46] Error E_WARNING: A non-numeric value encountered in C:\xampp\htdocs\wordpress\wp-includes\media.php:598
[24-03-2022 11:48:46] Error E_WARNING: A non-numeric value encountered in C:\xampp\htdocs\wordpress\wp-includes\media.php:600
[24-03-2022 11:48:46] Error E_WARNING: A non-numeric value encountered in C:\xampp\htdocs\wordpress\wp-content\plugins\elementor\includes\libraries\bfi-thumb\bfi-thumb.php:748
[24-03-2022 11:48:46] Error E_WARNING: A non-numeric value encountered in C:\xampp\htdocs\wordpress\wp-content\plugins\elementor\includes\libraries\bfi-thumb\bfi-thumb.php:750
[24-03-2022 11:48:46] Error E_WARNING: A non-numeric value encountered in C:\xampp\htdocs\wordpress\wp-includes\media.php:598
[24-03-2022 11:48:46] Error E_WARNING: A non-numeric value encountered in C:\xampp\htdocs\wordpress\wp-includes\media.php:600
[24-03-2022 11:48:46] Error E_WARNING: imagecreatetruecolor(): Invalid image dimensions in C:\xampp\htdocs\wordpress\wp-includes\media.php:3669
[24-03-2022 11:48:46] Error E_WARNING: imagecopyresampled() expects parameter 1 to be resource, bool given in C:\xampp\htdocs\wordpress\wp-includes\class-wp-image-editor-gd.php:206
[24-03-2022 11:50:38] Error E_WARNING: A non-numeric value encountered in C:\xampp\htdocs\wordpress\wp-content\plugins\elementor\includes\libraries\bfi-thumb\bfi-thumb.php:748
[24-03-2022 11:50:38] Error E_WARNING: A non-numeric value encountered in C:\xampp\htdocs\wordpress\wp-content\plugins\elementor\includes\libraries\bfi-thumb\bfi-thumb.php:750
[24-03-2022 11:50:38] Error E_WARNING: A non-numeric value encountered in C:\xampp\htdocs\wordpress\wp-includes\media.php:598
[24-03-2022 11:50:38] Error E_WARNING: A non-numeric value encountered in C:\xampp\htdocs\wordpress\wp-includes\media.php:600
[24-03-2022 11:50:38] Error E_WARNING: A non-numeric value encountered in C:\xampp\htdocs\wordpress\wp-content\plugins\elementor\includes\libraries\bfi-thumb\bfi-thumb.php:748
[24-03-2022 11:50:38] Error E_WARNING: A non-numeric value encountered in C:\xampp\htdocs\wordpress\wp-content\plugins\elementor\includes\libraries\bfi-thumb\bfi-thumb.php:750
[24-03-2022 11:50:38] Error E_WARNING: A non-numeric value encountered in C:\xampp\htdocs\wordpress\wp-includes\media.php:598
[24-03-2022 11:50:38] Error E_WARNING: A non-numeric value encountered in C:\xampp\htdocs\wordpress\wp-includes\media.php:600
[24-03-2022 11:50:38] Error E_WARNING: imagecreatetruecolor(): Invalid image dimensions in C:\xampp\htdocs\wordpress\wp-includes\media.php:3669
[24-03-2022 11:50:38] Error E_WARNING: imagecopyresampled() expects parameter 1 to be resource, bool given in C:\xampp\htdocs\wordpress\wp-includes\class-wp-image-editor-gd.php:206
[24-03-2022 11:50:54] Error E_WARNING: A non-numeric value encountered in C:\xampp\htdocs\wordpress\wp-includes\media.php:598
[24-03-2022 11:50:54] Error E_WARNING: A non-numeric value encountered in C:\xampp\htdocs\wordpress\wp-includes\media.php:600
[24-03-2022 11:50:54] Error E_WARNING: A non-numeric value encountered in C:\xampp\htdocs\wordpress\wp-includes\media.php:598
[24-03-2022 11:50:54] Error E_WARNING: A non-numeric value encountered in C:\xampp\htdocs\wordpress\wp-includes\media.php:600
[24-03-2022 11:50:54] Error E_WARNING: imagecreatetruecolor(): Invalid image dimensions in C:\xampp\htdocs\wordpress\wp-includes\media.php:3669
[24-03-2022 11:50:54] Error E_WARNING: imagecopyresampled() expects parameter 1 to be resource, bool given in C:\xampp\htdocs\wordpress\wp-includes\class-wp-image-editor-gd.php:206
[24-03-2022 11:51:04] Error E_WARNING: A non-numeric value encountered in C:\xampp\htdocs\wordpress\wp-content\plugins\elementor\includes\libraries\bfi-thumb\bfi-thumb.php:748
[24-03-2022 11:51:04] Error E_WARNING: A non-numeric value encountered in C:\xampp\htdocs\wordpress\wp-content\plugins\elementor\includes\libraries\bfi-thumb\bfi-thumb.php:750
[24-03-2022 11:51:04] Error E_WARNING: A non-numeric value encountered in C:\xampp\htdocs\wordpress\wp-includes\media.php:598
[24-03-2022 11:51:04] Error E_WARNING: A non-numeric value encountered in C:\xampp\htdocs\wordpress\wp-includes\media.php:600
[24-03-2022 11:51:04] Error E_WARNING: A non-numeric value encountered in C:\xampp\htdocs\wordpress\wp-content\plugins\elementor\includes\libraries\bfi-thumb\bfi-thumb.php:748
[24-03-2022 11:51:04] Error E_WARNING: A non-numeric value encountered in C:\xampp\htdocs\wordpress\wp-content\plugins\elementor\includes\libraries\bfi-thumb\bfi-thumb.php:750
[24-03-2022 11:51:04] Error E_WARNING: A non-numeric value encountered in C:\xampp\htdocs\wordpress\wp-includes\media.php:598
[24-03-2022 11:51:04] Error E_WARNING: A non-numeric value encountered in C:\xampp\htdocs\wordpress\wp-includes\media.php:600
[24-03-2022 11:51:04] Error E_WARNING: imagecreatetruecolor(): Invalid image dimensions in C:\xampp\htdocs\wordpress\wp-includes\media.php:3669
[24-03-2022 11:51:04] Error E_WARNING: imagecopyresampled() expects parameter 1 to be resource, bool given in C:\xampp\htdocs\wordpress\wp-includes\class-wp-image-editor-gd.php:206
[24-03-2022 11:56:40] Error E_WARNING: A non-numeric value encountered in C:\xampp\htdocs\wordpress\wp-includes\media.php:598
[24-03-2022 11:56:40] Error E_WARNING: A non-numeric value encountered in C:\xampp\htdocs\wordpress\wp-includes\media.php:600
[24-03-2022 11:56:40] Error E_WARNING: A non-numeric value encountered in C:\xampp\htdocs\wordpress\wp-includes\media.php:598
[24-03-2022 11:56:40] Error E_WARNING: A non-numeric value encountered in C:\xampp\htdocs\wordpress\wp-includes\media.php:600
[24-03-2022 11:56:40] Error E_WARNING: imagecreatetruecolor(): Invalid image dimensions in C:\xampp\htdocs\wordpress\wp-includes\media.php:3669
[24-03-2022 11:56:40] Error E_WARNING: imagecopyresampled() expects parameter 1 to be resource, bool given in C:\xampp\htdocs\wordpress\wp-includes\class-wp-image-editor-gd.php:206
[24-03-2022 11:56:48] Error E_WARNING: A non-numeric value encountered in C:\xampp\htdocs\wordpress\wp-includes\media.php:598
[24-03-2022 11:56:48] Error E_WARNING: A non-numeric value encountered in C:\xampp\htdocs\wordpress\wp-includes\media.php:600
[24-03-2022 11:56:48] Error E_WARNING: A non-numeric value encountered in C:\xampp\htdocs\wordpress\wp-includes\media.php:598
[24-03-2022 11:56:48] Error E_WARNING: A non-numeric value encountered in C:\xampp\htdocs\wordpress\wp-includes\media.php:600
[24-03-2022 11:56:48] Error E_WARNING: imagecreatetruecolor(): Invalid image dimensions in C:\xampp\htdocs\wordpress\wp-includes\media.php:3669
[24-03-2022 11:56:48] Error E_WARNING: imagecopyresampled() expects parameter 1 to be resource, bool given in C:\xampp\htdocs\wordpress\wp-includes\class-wp-image-editor-gd.php:206
[24-03-2022 11:56:57] Error E_WARNING: A non-numeric value encountered in C:\xampp\htdocs\wordpress\wp-content\plugins\elementor\includes\libraries\bfi-thumb\bfi-thumb.php:748
[24-03-2022 11:56:57] Error E_WARNING: A non-numeric value encountered in C:\xampp\htdocs\wordpress\wp-content\plugins\elementor\includes\libraries\bfi-thumb\bfi-thumb.php:750
[24-03-2022 11:56:57] Error E_WARNING: A non-numeric value encountered in C:\xampp\htdocs\wordpress\wp-includes\media.php:598
[24-03-2022 11:56:57] Error E_WARNING: A non-numeric value encountered in C:\xampp\htdocs\wordpress\wp-includes\media.php:600
[24-03-2022 11:56:57] Error E_WARNING: A non-numeric value encountered in C:\xampp\htdocs\wordpress\wp-content\plugins\elementor\includes\libraries\bfi-thumb\bfi-thumb.php:748
[24-03-2022 11:56:57] Error E_WARNING: A non-numeric value encountered in C:\xampp\htdocs\wordpress\wp-content\plugins\elementor\includes\libraries\bfi-thumb\bfi-thumb.php:750
[24-03-2022 11:56:57] Error E_WARNING: A non-numeric value encountered in C:\xampp\htdocs\wordpress\wp-includes\media.php:598
[24-03-2022 11:56:57] Error E_WARNING: A non-numeric value encountered in C:\xampp\htdocs\wordpress\wp-includes\media.php:600
[24-03-2022 11:56:57] Error E_WARNING: imagecreatetruecolor(): Invalid image dimensions in C:\xampp\htdocs\wordpress\wp-includes\media.php:3669
[24-03-2022 11:56:57] Error E_WARNING: imagecopyresampled() expects parameter 1 to be resource, bool given in C:\xampp\htdocs\wordpress\wp-includes\class-wp-image-editor-gd.php:206
[24-03-2022 11:58:02] Error E_WARNING: A non-numeric value encountered in C:\xampp\htdocs\wordpress\wp-content\plugins\elementor\includes\libraries\bfi-thumb\bfi-thumb.php:748
[24-03-2022 11:58:02] Error E_WARNING: A non-numeric value encountered in C:\xampp\htdocs\wordpress\wp-content\plugins\elementor\includes\libraries\bfi-thumb\bfi-thumb.php:750
[24-03-2022 11:58:02] Error E_WARNING: A non-numeric value encountered in C:\xampp\htdocs\wordpress\wp-includes\media.php:598
[24-03-2022 11:58:02] Error E_WARNING: A non-numeric value encountered in C:\xampp\htdocs\wordpress\wp-includes\media.php:600
[24-03-2022 11:58:02] Error E_WARNING: A non-numeric value encountered in C:\xampp\htdocs\wordpress\wp-content\plugins\elementor\includes\libraries\bfi-thumb\bfi-thumb.php:748
[24-03-2022 11:58:02] Error E_WARNING: A non-numeric value encountered in C:\xampp\htdocs\wordpress\wp-content\plugins\elementor\includes\libraries\bfi-thumb\bfi-thumb.php:750
[24-03-2022 11:58:02] Error E_WARNING: A non-numeric value encountered in C:\xampp\htdocs\wordpress\wp-includes\media.php:598
[24-03-2022 11:58:02] Error E_WARNING: A non-numeric value encountered in C:\xampp\htdocs\wordpress\wp-includes\media.php:600
[24-03-2022 11:58:02] Error E_WARNING: imagecreatetruecolor(): Invalid image dimensions in C:\xampp\htdocs\wordpress\wp-includes\media.php:3669
[24-03-2022 11:58:02] Error E_WARNING: imagecopyresampled() expects parameter 1 to be resource, bool given in C:\xampp\htdocs\wordpress\wp-includes\class-wp-image-editor-gd.php:206
[24-03-2022 12:01:28] Error E_WARNING: A non-numeric value encountered in C:\xampp\htdocs\wordpress\wp-includes\media.php:598
[24-03-2022 12:01:28] Error E_WARNING: A non-numeric value encountered in C:\xampp\htdocs\wordpress\wp-includes\media.php:600
[24-03-2022 12:01:28] Error E_WARNING: A non-numeric value encountered in C:\xampp\htdocs\wordpress\wp-includes\media.php:598
[24-03-2022 12:01:28] Error E_WARNING: A non-numeric value encountered in C:\xampp\htdocs\wordpress\wp-includes\media.php:600
[24-03-2022 12:01:28] Error E_WARNING: imagecreatetruecolor(): Invalid image dimensions in C:\xampp\htdocs\wordpress\wp-includes\media.php:3669
[24-03-2022 12:01:28] Error E_WARNING: imagecopyresampled() expects parameter 1 to be resource, bool given in C:\xampp\htdocs\wordpress\wp-includes\class-wp-image-editor-gd.php:206
[24-03-2022 12:01:36] Error E_WARNING: A non-numeric value encountered in C:\xampp\htdocs\wordpress\wp-content\plugins\elementor\includes\libraries\bfi-thumb\bfi-thumb.php:748
[24-03-2022 12:01:36] Error E_WARNING: A non-numeric value encountered in C:\xampp\htdocs\wordpress\wp-content\plugins\elementor\includes\libraries\bfi-thumb\bfi-thumb.php:750
[24-03-2022 12:01:36] Error E_WARNING: A non-numeric value encountered in C:\xampp\htdocs\wordpress\wp-includes\media.php:598
[24-03-2022 12:01:36] Error E_WARNING: A non-numeric value encountered in C:\xampp\htdocs\wordpress\wp-includes\media.php:600
[24-03-2022 12:01:36] Error E_WARNING: A non-numeric value encountered in C:\xampp\htdocs\wordpress\wp-content\plugins\elementor\includes\libraries\bfi-thumb\bfi-thumb.php:748
[24-03-2022 12:01:36] Error E_WARNING: A non-numeric value encountered in C:\xampp\htdocs\wordpress\wp-content\plugins\elementor\includes\libraries\bfi-thumb\bfi-thumb.php:750
[24-03-2022 12:01:36] Error E_WARNING: A non-numeric value encountered in C:\xampp\htdocs\wordpress\wp-includes\media.php:598
[24-03-2022 12:01:36] Error E_WARNING: A non-numeric value encountered in C:\xampp\htdocs\wordpress\wp-includes\media.php:600
[24-03-2022 12:01:36] Error E_WARNING: imagecreatetruecolor(): Invalid image dimensions in C:\xampp\htdocs\wordpress\wp-includes\media.php:3669
[24-03-2022 12:01:36] Error E_WARNING: imagecopyresampled() expects parameter 1 to be resource, bool given in C:\xampp\htdocs\wordpress\wp-includes\class-wp-image-editor-gd.php:206
[24-03-2022 12:03:07] Error E_WARNING: A non-numeric value encountered in C:\xampp\htdocs\wordpress\wp-includes\media.php:598
[24-03-2022 12:03:07] Error E_WARNING: A non-numeric value encountered in C:\xampp\htdocs\wordpress\wp-includes\media.php:600
[24-03-2022 12:03:07] Error E_WARNING: A non-numeric value encountered in C:\xampp\htdocs\wordpress\wp-includes\media.php:598
[24-03-2022 12:03:07] Error E_WARNING: A non-numeric value encountered in C:\xampp\htdocs\wordpress\wp-includes\media.php:600
[24-03-2022 12:03:07] Error E_WARNING: imagecreatetruecolor(): Invalid image dimensions in C:\xampp\htdocs\wordpress\wp-includes\media.php:3669
[24-03-2022 12:03:07] Error E_WARNING: imagecopyresampled() expects parameter 1 to be resource, bool given in C:\xampp\htdocs\wordpress\wp-includes\class-wp-image-editor-gd.php:206
[24-03-2022 12:03:13] Error E_WARNING: A non-numeric value encountered in C:\xampp\htdocs\wordpress\wp-content\plugins\elementor\includes\libraries\bfi-thumb\bfi-thumb.php:748
[24-03-2022 12:03:13] Error E_WARNING: A non-numeric value encountered in C:\xampp\htdocs\wordpress\wp-content\plugins\elementor\includes\libraries\bfi-thumb\bfi-thumb.php:750
[24-03-2022 12:03:13] Error E_WARNING: A non-numeric value encountered in C:\xampp\htdocs\wordpress\wp-includes\media.php:598
[24-03-2022 12:03:13] Error E_WARNING: A non-numeric value encountered in C:\xampp\htdocs\wordpress\wp-includes\media.php:600
[24-03-2022 12:03:13] Error E_WARNING: A non-numeric value encountered in C:\xampp\htdocs\wordpress\wp-content\plugins\elementor\includes\libraries\bfi-thumb\bfi-thumb.php:748
[24-03-2022 12:03:13] Error E_WARNING: A non-numeric value encountered in C:\xampp\htdocs\wordpress\wp-content\plugins\elementor\includes\libraries\bfi-thumb\bfi-thumb.php:750
[24-03-2022 12:03:13] Error E_WARNING: A non-numeric value encountered in C:\xampp\htdocs\wordpress\wp-includes\media.php:598
[24-03-2022 12:03:13] Error E_WARNING: A non-numeric value encountered in C:\xampp\htdocs\wordpress\wp-includes\media.php:600
[24-03-2022 12:03:13] Error E_WARNING: imagecreatetruecolor(): Invalid image dimensions in C:\xampp\htdocs\wordpress\wp-includes\media.php:3669
[24-03-2022 12:03:13] Error E_WARNING: imagecopyresampled() expects parameter 1 to be resource, bool given in C:\xampp\htdocs\wordpress\wp-includes\class-wp-image-editor-gd.php:206
[24-03-2022 12:05:22] Error E_WARNING: A non-numeric value encountered in C:\xampp\htdocs\wordpress\wp-content\plugins\elementor\includes\libraries\bfi-thumb\bfi-thumb.php:748
[24-03-2022 12:05:22] Error E_WARNING: A non-numeric value encountered in C:\xampp\htdocs\wordpress\wp-content\plugins\elementor\includes\libraries\bfi-thumb\bfi-thumb.php:750
[24-03-2022 12:05:22] Error E_WARNING: A non-numeric value encountered in C:\xampp\htdocs\wordpress\wp-includes\media.php:598
[24-03-2022 12:05:22] Error E_WARNING: A non-numeric value encountered in C:\xampp\htdocs\wordpress\wp-includes\media.php:600
[24-03-2022 12:05:22] Error E_WARNING: A non-numeric value encountered in C:\xampp\htdocs\wordpress\wp-content\plugins\elementor\includes\libraries\bfi-thumb\bfi-thumb.php:748
[24-03-2022 12:05:22] Error E_WARNING: A non-numeric value encountered in C:\xampp\htdocs\wordpress\wp-content\plugins\elementor\includes\libraries\bfi-thumb\bfi-thumb.php:750
[24-03-2022 12:05:22] Error E_WARNING: A non-numeric value encountered in C:\xampp\htdocs\wordpress\wp-includes\media.php:598
[24-03-2022 12:05:22] Error E_WARNING: A non-numeric value encountered in C:\xampp\htdocs\wordpress\wp-includes\media.php:600
[24-03-2022 12:05:22] Error E_WARNING: imagecreatetruecolor(): Invalid image dimensions in C:\xampp\htdocs\wordpress\wp-includes\media.php:3669
[24-03-2022 12:05:22] Error E_WARNING: imagecopyresampled() expects parameter 1 to be resource, bool given in C:\xampp\htdocs\wordpress\wp-includes\class-wp-image-editor-gd.php:206
[24-03-2022 12:06:16] Error E_WARNING: A non-numeric value encountered in C:\xampp\htdocs\wordpress\wp-includes\media.php:598
[24-03-2022 12:06:16] Error E_WARNING: A non-numeric value encountered in C:\xampp\htdocs\wordpress\wp-includes\media.php:600
[24-03-2022 12:06:16] Error E_WARNING: A non-numeric value encountered in C:\xampp\htdocs\wordpress\wp-includes\media.php:598
[24-03-2022 12:06:16] Error E_WARNING: A non-numeric value encountered in C:\xampp\htdocs\wordpress\wp-includes\media.php:600
[24-03-2022 12:06:16] Error E_WARNING: imagecreatetruecolor(): Invalid image dimensions in C:\xampp\htdocs\wordpress\wp-includes\media.php:3669
[24-03-2022 12:06:16] Error E_WARNING: imagecopyresampled() expects parameter 1 to be resource, bool given in C:\xampp\htdocs\wordpress\wp-includes\class-wp-image-editor-gd.php:206
[24-03-2022 12:11:21] Error E_WARNING: A non-numeric value encountered in C:\xampp\htdocs\wordpress\wp-includes\media.php:598
[24-03-2022 12:11:21] Error E_WARNING: A non-numeric value encountered in C:\xampp\htdocs\wordpress\wp-includes\media.php:600
[24-03-2022 12:11:21] Error E_WARNING: A non-numeric value encountered in C:\xampp\htdocs\wordpress\wp-includes\media.php:598
[24-03-2022 12:11:21] Error E_WARNING: A non-numeric value encountered in C:\xampp\htdocs\wordpress\wp-includes\media.php:600
[24-03-2022 12:11:21] Error E_WARNING: imagecreatetruecolor(): Invalid image dimensions in C:\xampp\htdocs\wordpress\wp-includes\media.php:3669
[24-03-2022 12:11:21] Error E_WARNING: imagecopyresampled() expects parameter 1 to be resource, bool given in C:\xampp\htdocs\wordpress\wp-includes\class-wp-image-editor-gd.php:206
[24-03-2022 12:13:09] Error E_WARNING: A non-numeric value encountered in C:\xampp\htdocs\wordpress\wp-includes\media.php:598
[24-03-2022 12:13:09] Error E_WARNING: A non-numeric value encountered in C:\xampp\htdocs\wordpress\wp-includes\media.php:600
[24-03-2022 12:13:09] Error E_WARNING: A non-numeric value encountered in C:\xampp\htdocs\wordpress\wp-includes\media.php:598
[24-03-2022 12:13:09] Error E_WARNING: A non-numeric value encountered in C:\xampp\htdocs\wordpress\wp-includes\media.php:600
[24-03-2022 12:13:09] Error E_WARNING: imagecreatetruecolor(): Invalid image dimensions in C:\xampp\htdocs\wordpress\wp-includes\media.php:3669
[24-03-2022 12:13:09] Error E_WARNING: imagecopyresampled() expects parameter 1 to be resource, bool given in C:\xampp\htdocs\wordpress\wp-includes\class-wp-image-editor-gd.php:206
[24-03-2022 12:14:23] Error E_WARNING: A non-numeric value encountered in C:\xampp\htdocs\wordpress\wp-includes\media.php:598
[24-03-2022 12:14:23] Error E_WARNING: A non-numeric value encountered in C:\xampp\htdocs\wordpress\wp-includes\media.php:600
[24-03-2022 12:14:23] Error E_WARNING: A non-numeric value encountered in C:\xampp\htdocs\wordpress\wp-includes\media.php:598
[24-03-2022 12:14:23] Error E_WARNING: A non-numeric value encountered in C:\xampp\htdocs\wordpress\wp-includes\media.php:600
[24-03-2022 12:14:23] Error E_WARNING: imagecreatetruecolor(): Invalid image dimensions in C:\xampp\htdocs\wordpress\wp-includes\media.php:3669
[24-03-2022 12:14:23] Error E_WARNING: imagecopyresampled() expects parameter 1 to be resource, bool given in C:\xampp\htdocs\wordpress\wp-includes\class-wp-image-editor-gd.php:206
[24-03-2022 12:17:20] Error E_WARNING: A non-numeric value encountered in C:\xampp\htdocs\wordpress\wp-includes\media.php:598
[24-03-2022 12:17:20] Error E_WARNING: A non-numeric value encountered in C:\xampp\htdocs\wordpress\wp-includes\media.php:600
[24-03-2022 12:17:20] Error E_WARNING: A non-numeric value encountered in C:\xampp\htdocs\wordpress\wp-includes\media.php:598
[24-03-2022 12:17:20] Error E_WARNING: A non-numeric value encountered in C:\xampp\htdocs\wordpress\wp-includes\media.php:600
[24-03-2022 12:17:20] Error E_WARNING: imagecreatetruecolor(): Invalid image dimensions in C:\xampp\htdocs\wordpress\wp-includes\media.php:3669
[24-03-2022 12:17:20] Error E_WARNING: imagecopyresampled() expects parameter 1 to be resource, bool given in C:\xampp\htdocs\wordpress\wp-includes\class-wp-image-editor-gd.php:206
[24-03-2022 12:21:09] Error E_WARNING: A non-numeric value encountered in C:\xampp\htdocs\wordpress\wp-includes\media.php:598
[24-03-2022 12:21:09] Error E_WARNING: A non-numeric value encountered in C:\xampp\htdocs\wordpress\wp-includes\media.php:600
[24-03-2022 12:21:09] Error E_WARNING: A non-numeric value encountered in C:\xampp\htdocs\wordpress\wp-includes\media.php:598
[24-03-2022 12:21:09] Error E_WARNING: A non-numeric value encountered in C:\xampp\htdocs\wordpress\wp-includes\media.php:600
[24-03-2022 12:21:09] Error E_WARNING: imagecreatetruecolor(): Invalid image dimensions in C:\xampp\htdocs\wordpress\wp-includes\media.php:3669
[24-03-2022 12:21:09] Error E_WARNING: imagecopyresampled() expects parameter 1 to be resource, bool given in C:\xampp\htdocs\wordpress\wp-includes\class-wp-image-editor-gd.php:206
[24-03-2022 12:21:14] Error E_WARNING: A non-numeric value encountered in C:\xampp\htdocs\wordpress\wp-content\plugins\elementor\includes\libraries\bfi-thumb\bfi-thumb.php:748
[24-03-2022 12:21:14] Error E_WARNING: A non-numeric value encountered in C:\xampp\htdocs\wordpress\wp-content\plugins\elementor\includes\libraries\bfi-thumb\bfi-thumb.php:750
[24-03-2022 12:21:14] Error E_WARNING: A non-numeric value encountered in C:\xampp\htdocs\wordpress\wp-includes\media.php:598
[24-03-2022 12:21:14] Error E_WARNING: A non-numeric value encountered in C:\xampp\htdocs\wordpress\wp-includes\media.php:600
[24-03-2022 12:21:14] Error E_WARNING: A non-numeric value encountered in C:\xampp\htdocs\wordpress\wp-content\plugins\elementor\includes\libraries\bfi-thumb\bfi-thumb.php:748
[24-03-2022 12:21:14] Error E_WARNING: A non-numeric value encountered in C:\xampp\htdocs\wordpress\wp-content\plugins\elementor\includes\libraries\bfi-thumb\bfi-thumb.php:750
[24-03-2022 12:21:14] Error E_WARNING: A non-numeric value encountered in C:\xampp\htdocs\wordpress\wp-includes\media.php:598
[24-03-2022 12:21:14] Error E_WARNING: A non-numeric value encountered in C:\xampp\htdocs\wordpress\wp-includes\media.php:600
[24-03-2022 12:21:14] Error E_WARNING: imagecreatetruecolor(): Invalid image dimensions in C:\xampp\htdocs\wordpress\wp-includes\media.php:3669
[24-03-2022 12:21:14] Error E_WARNING: imagecopyresampled() expects parameter 1 to be resource, bool given in C:\xampp\htdocs\wordpress\wp-includes\class-wp-image-editor-gd.php:206
[24-03-2022 12:21:41] Error E_WARNING: A non-numeric value encountered in C:\xampp\htdocs\wordpress\wp-includes\media.php:598
[24-03-2022 12:21:41] Error E_WARNING: A non-numeric value encountered in C:\xampp\htdocs\wordpress\wp-includes\media.php:600
[24-03-2022 12:21:41] Error E_WARNING: A non-numeric value encountered in C:\xampp\htdocs\wordpress\wp-includes\media.php:598
[24-03-2022 12:21:41] Error E_WARNING: A non-numeric value encountered in C:\xampp\htdocs\wordpress\wp-includes\media.php:600
[24-03-2022 12:21:41] Error E_WARNING: imagecreatetruecolor(): Invalid image dimensions in C:\xampp\htdocs\wordpress\wp-includes\media.php:3669
[24-03-2022 12:21:41] Error E_WARNING: imagecopyresampled() expects parameter 1 to be resource, bool given in C:\xampp\htdocs\wordpress\wp-includes\class-wp-image-editor-gd.php:206
[24-03-2022 12:21:47] Error E_WARNING: A non-numeric value encountered in C:\xampp\htdocs\wordpress\wp-content\plugins\elementor\includes\libraries\bfi-thumb\bfi-thumb.php:748
[24-03-2022 12:21:47] Error E_WARNING: A non-numeric value encountered in C:\xampp\htdocs\wordpress\wp-content\plugins\elementor\includes\libraries\bfi-thumb\bfi-thumb.php:750
[24-03-2022 12:21:47] Error E_WARNING: A non-numeric value encountered in C:\xampp\htdocs\wordpress\wp-includes\media.php:598
[24-03-2022 12:21:47] Error E_WARNING: A non-numeric value encountered in C:\xampp\htdocs\wordpress\wp-includes\media.php:600
[24-03-2022 12:21:47] Error E_WARNING: A non-numeric value encountered in C:\xampp\htdocs\wordpress\wp-content\plugins\elementor\includes\libraries\bfi-thumb\bfi-thumb.php:748
[24-03-2022 12:21:47] Error E_WARNING: A non-numeric value encountered in C:\xampp\htdocs\wordpress\wp-content\plugins\elementor\includes\libraries\bfi-thumb\bfi-thumb.php:750
[24-03-2022 12:21:47] Error E_WARNING: A non-numeric value encountered in C:\xampp\htdocs\wordpress\wp-includes\media.php:598
[24-03-2022 12:21:47] Error E_WARNING: A non-numeric value encountered in C:\xampp\htdocs\wordpress\wp-includes\media.php:600
[24-03-2022 12:21:47] Error E_WARNING: imagecreatetruecolor(): Invalid image dimensions in C:\xampp\htdocs\wordpress\wp-includes\media.php:3669
[24-03-2022 12:21:47] Error E_WARNING: imagecopyresampled() expects parameter 1 to be resource, bool given in C:\xampp\htdocs\wordpress\wp-includes\class-wp-image-editor-gd.php:206
[24-03-2022 12:22:48] Error E_WARNING: A non-numeric value encountered in C:\xampp\htdocs\wordpress\wp-includes\media.php:598
[24-03-2022 12:22:48] Error E_WARNING: A non-numeric value encountered in C:\xampp\htdocs\wordpress\wp-includes\media.php:600
[24-03-2022 12:22:48] Error E_WARNING: A non-numeric value encountered in C:\xampp\htdocs\wordpress\wp-includes\media.php:598
[24-03-2022 12:22:48] Error E_WARNING: A non-numeric value encountered in C:\xampp\htdocs\wordpress\wp-includes\media.php:600
[24-03-2022 12:22:48] Error E_WARNING: imagecreatetruecolor(): Invalid image dimensions in C:\xampp\htdocs\wordpress\wp-includes\media.php:3669
[24-03-2022 12:22:48] Error E_WARNING: imagecopyresampled() expects parameter 1 to be resource, bool given in C:\xampp\htdocs\wordpress\wp-includes\class-wp-image-editor-gd.php:206
[24-03-2022 12:22:52] Error E_WARNING: A non-numeric value encountered in C:\xampp\htdocs\wordpress\wp-content\plugins\elementor\includes\libraries\bfi-thumb\bfi-thumb.php:748
[24-03-2022 12:22:52] Error E_WARNING: A non-numeric value encountered in C:\xampp\htdocs\wordpress\wp-content\plugins\elementor\includes\libraries\bfi-thumb\bfi-thumb.php:750
[24-03-2022 12:22:52] Error E_WARNING: A non-numeric value encountered in C:\xampp\htdocs\wordpress\wp-includes\media.php:598
[24-03-2022 12:22:52] Error E_WARNING: A non-numeric value encountered in C:\xampp\htdocs\wordpress\wp-includes\media.php:600
[24-03-2022 12:22:52] Error E_WARNING: A non-numeric value encountered in C:\xampp\htdocs\wordpress\wp-content\plugins\elementor\includes\libraries\bfi-thumb\bfi-thumb.php:748
[24-03-2022 12:22:52] Error E_WARNING: A non-numeric value encountered in C:\xampp\htdocs\wordpress\wp-content\plugins\elementor\includes\libraries\bfi-thumb\bfi-thumb.php:750
[24-03-2022 12:22:52] Error E_WARNING: A non-numeric value encountered in C:\xampp\htdocs\wordpress\wp-includes\media.php:598
[24-03-2022 12:22:52] Error E_WARNING: A non-numeric value encountered in C:\xampp\htdocs\wordpress\wp-includes\media.php:600
[24-03-2022 12:22:52] Error E_WARNING: imagecreatetruecolor(): Invalid image dimensions in C:\xampp\htdocs\wordpress\wp-includes\media.php:3669
[24-03-2022 12:22:52] Error E_WARNING: imagecopyresampled() expects parameter 1 to be resource, bool given in C:\xampp\htdocs\wordpress\wp-includes\class-wp-image-editor-gd.php:206
[24-03-2022 12:23:53] Error E_WARNING: A non-numeric value encountered in C:\xampp\htdocs\wordpress\wp-includes\media.php:598
[24-03-2022 12:23:53] Error E_WARNING: A non-numeric value encountered in C:\xampp\htdocs\wordpress\wp-includes\media.php:600
[24-03-2022 12:23:53] Error E_WARNING: A non-numeric value encountered in C:\xampp\htdocs\wordpress\wp-includes\media.php:598
[24-03-2022 12:23:53] Error E_WARNING: A non-numeric value encountered in C:\xampp\htdocs\wordpress\wp-includes\media.php:600
[24-03-2022 12:23:53] Error E_WARNING: imagecreatetruecolor(): Invalid image dimensions in C:\xampp\htdocs\wordpress\wp-includes\media.php:3669
[24-03-2022 12:23:53] Error E_WARNING: imagecopyresampled() expects parameter 1 to be resource, bool given in C:\xampp\htdocs\wordpress\wp-includes\class-wp-image-editor-gd.php:206
[24-03-2022 12:24:00] Error E_WARNING: A non-numeric value encountered in C:\xampp\htdocs\wordpress\wp-content\plugins\elementor\includes\libraries\bfi-thumb\bfi-thumb.php:748
[24-03-2022 12:24:00] Error E_WARNING: A non-numeric value encountered in C:\xampp\htdocs\wordpress\wp-content\plugins\elementor\includes\libraries\bfi-thumb\bfi-thumb.php:750
[24-03-2022 12:24:00] Error E_WARNING: A non-numeric value encountered in C:\xampp\htdocs\wordpress\wp-includes\media.php:598
[24-03-2022 12:24:00] Error E_WARNING: A non-numeric value encountered in C:\xampp\htdocs\wordpress\wp-includes\media.php:600
[24-03-2022 12:24:00] Error E_WARNING: A non-numeric value encountered in C:\xampp\htdocs\wordpress\wp-content\plugins\elementor\includes\libraries\bfi-thumb\bfi-thumb.php:748
[24-03-2022 12:24:00] Error E_WARNING: A non-numeric value encountered in C:\xampp\htdocs\wordpress\wp-content\plugins\elementor\includes\libraries\bfi-thumb\bfi-thumb.php:750
[24-03-2022 12:24:00] Error E_WARNING: A non-numeric value encountered in C:\xampp\htdocs\wordpress\wp-includes\media.php:598
[24-03-2022 12:24:00] Error E_WARNING: A non-numeric value encountered in C:\xampp\htdocs\wordpress\wp-includes\media.php:600
[24-03-2022 12:24:00] Error E_WARNING: imagecreatetruecolor(): Invalid image dimensions in C:\xampp\htdocs\wordpress\wp-includes\media.php:3669
[24-03-2022 12:24:00] Error E_WARNING: imagecopyresampled() expects parameter 1 to be resource, bool given in C:\xampp\htdocs\wordpress\wp-includes\class-wp-image-editor-gd.php:206
[24-03-2022 12:26:55] Error E_WARNING: A non-numeric value encountered in C:\xampp\htdocs\wordpress\wp-includes\media.php:598
[24-03-2022 12:26:55] Error E_WARNING: A non-numeric value encountered in C:\xampp\htdocs\wordpress\wp-includes\media.php:600
[24-03-2022 12:26:55] Error E_WARNING: A non-numeric value encountered in C:\xampp\htdocs\wordpress\wp-includes\media.php:598
[24-03-2022 12:26:55] Error E_WARNING: A non-numeric value encountered in C:\xampp\htdocs\wordpress\wp-includes\media.php:600
[24-03-2022 12:26:55] Error E_WARNING: imagecreatetruecolor(): Invalid image dimensions in C:\xampp\htdocs\wordpress\wp-includes\media.php:3669
[24-03-2022 12:26:55] Error E_WARNING: imagecopyresampled() expects parameter 1 to be resource, bool given in C:\xampp\htdocs\wordpress\wp-includes\class-wp-image-editor-gd.php:206
[24-03-2022 12:35:23] Error E_WARNING: A non-numeric value encountered in C:\xampp\htdocs\wordpress\wp-content\plugins\elementor\includes\libraries\bfi-thumb\bfi-thumb.php:748
[24-03-2022 12:35:23] Error E_WARNING: A non-numeric value encountered in C:\xampp\htdocs\wordpress\wp-content\plugins\elementor\includes\libraries\bfi-thumb\bfi-thumb.php:750
[24-03-2022 12:35:23] Error E_WARNING: A non-numeric value encountered in C:\xampp\htdocs\wordpress\wp-includes\media.php:598
[24-03-2022 12:35:23] Error E_WARNING: A non-numeric value encountered in C:\xampp\htdocs\wordpress\wp-includes\media.php:600
[24-03-2022 12:35:23] Error E_WARNING: A non-numeric value encountered in C:\xampp\htdocs\wordpress\wp-content\plugins\elementor\includes\libraries\bfi-thumb\bfi-thumb.php:748
[24-03-2022 12:35:23] Error E_WARNING: A non-numeric value encountered in C:\xampp\htdocs\wordpress\wp-content\plugins\elementor\includes\libraries\bfi-thumb\bfi-thumb.php:750
[24-03-2022 12:35:23] Error E_WARNING: A non-numeric value encountered in C:\xampp\htdocs\wordpress\wp-includes\media.php:598
[24-03-2022 12:35:23] Error E_WARNING: A non-numeric value encountered in C:\xampp\htdocs\wordpress\wp-includes\media.php:600
[24-03-2022 12:35:23] Error E_WARNING: imagecreatetruecolor(): Invalid image dimensions in C:\xampp\htdocs\wordpress\wp-includes\media.php:3669
[24-03-2022 12:35:23] Error E_WARNING: imagecopyresampled() expects parameter 1 to be resource, bool given in C:\xampp\htdocs\wordpress\wp-includes\class-wp-image-editor-gd.php:206
[24-03-2022 12:36:00] Error E_WARNING: A non-numeric value encountered in C:\xampp\htdocs\wordpress\wp-content\plugins\elementor\includes\libraries\bfi-thumb\bfi-thumb.php:748
[24-03-2022 12:36:00] Error E_WARNING: A non-numeric value encountered in C:\xampp\htdocs\wordpress\wp-content\plugins\elementor\includes\libraries\bfi-thumb\bfi-thumb.php:750
[24-03-2022 12:36:00] Error E_WARNING: A non-numeric value encountered in C:\xampp\htdocs\wordpress\wp-includes\media.php:598
[24-03-2022 12:36:00] Error E_WARNING: A non-numeric value encountered in C:\xampp\htdocs\wordpress\wp-includes\media.php:600
[24-03-2022 12:36:00] Error E_WARNING: A non-numeric value encountered in C:\xampp\htdocs\wordpress\wp-content\plugins\elementor\includes\libraries\bfi-thumb\bfi-thumb.php:748
[24-03-2022 12:36:00] Error E_WARNING: A non-numeric value encountered in C:\xampp\htdocs\wordpress\wp-content\plugins\elementor\includes\libraries\bfi-thumb\bfi-thumb.php:750
[24-03-2022 12:36:00] Error E_WARNING: A non-numeric value encountered in C:\xampp\htdocs\wordpress\wp-includes\media.php:598
[24-03-2022 12:36:00] Error E_WARNING: A non-numeric value encountered in C:\xampp\htdocs\wordpress\wp-includes\media.php:600
[24-03-2022 12:36:00] Error E_WARNING: imagecreatetruecolor(): Invalid image dimensions in C:\xampp\htdocs\wordpress\wp-includes\media.php:3669
[24-03-2022 12:36:00] Error E_WARNING: imagecopyresampled() expects parameter 1 to be resource, bool given in C:\xampp\htdocs\wordpress\wp-includes\class-wp-image-editor-gd.php:206
[24-03-2022 12:36:25] Error E_WARNING: A non-numeric value encountered in C:\xampp\htdocs\wordpress\wp-includes\media.php:598
[24-03-2022 12:36:25] Error E_WARNING: A non-numeric value encountered in C:\xampp\htdocs\wordpress\wp-includes\media.php:600
[24-03-2022 12:36:25] Error E_WARNING: A non-numeric value encountered in C:\xampp\htdocs\wordpress\wp-includes\media.php:598
[24-03-2022 12:36:25] Error E_WARNING: A non-numeric value encountered in C:\xampp\htdocs\wordpress\wp-includes\media.php:600
[24-03-2022 12:36:25] Error E_WARNING: imagecreatetruecolor(): Invalid image dimensions in C:\xampp\htdocs\wordpress\wp-includes\media.php:3669
[24-03-2022 12:36:25] Error E_WARNING: imagecopyresampled() expects parameter 1 to be resource, bool given in C:\xampp\htdocs\wordpress\wp-includes\class-wp-image-editor-gd.php:206
[24-03-2022 12:41:51] Error E_WARNING: A non-numeric value encountered in C:\xampp\htdocs\wordpress\wp-includes\media.php:598
[24-03-2022 12:41:51] Error E_WARNING: A non-numeric value encountered in C:\xampp\htdocs\wordpress\wp-includes\media.php:600
[24-03-2022 12:41:51] Error E_WARNING: A non-numeric value encountered in C:\xampp\htdocs\wordpress\wp-includes\media.php:598
[24-03-2022 12:41:51] Error E_WARNING: A non-numeric value encountered in C:\xampp\htdocs\wordpress\wp-includes\media.php:600
[24-03-2022 12:41:51] Error E_WARNING: imagecreatetruecolor(): Invalid image dimensions in C:\xampp\htdocs\wordpress\wp-includes\media.php:3669
[24-03-2022 12:41:51] Error E_WARNING: imagecopyresampled() expects parameter 1 to be resource, bool given in C:\xampp\htdocs\wordpress\wp-includes\class-wp-image-editor-gd.php:206
[24-03-2022 12:45:31] Error E_WARNING: A non-numeric value encountered in C:\xampp\htdocs\wordpress\wp-includes\media.php:598
[24-03-2022 12:45:31] Error E_WARNING: A non-numeric value encountered in C:\xampp\htdocs\wordpress\wp-includes\media.php:600
[24-03-2022 12:45:31] Error E_WARNING: A non-numeric value encountered in C:\xampp\htdocs\wordpress\wp-includes\media.php:598
[24-03-2022 12:45:31] Error E_WARNING: A non-numeric value encountered in C:\xampp\htdocs\wordpress\wp-includes\media.php:600
[24-03-2022 12:45:31] Error E_WARNING: imagecreatetruecolor(): Invalid image dimensions in C:\xampp\htdocs\wordpress\wp-includes\media.php:3669
[24-03-2022 12:45:31] Error E_WARNING: imagecopyresampled() expects parameter 1 to be resource, bool given in C:\xampp\htdocs\wordpress\wp-includes\class-wp-image-editor-gd.php:206
[24-03-2022 12:48:21] Error E_WARNING: A non-numeric value encountered in C:\xampp\htdocs\wordpress\wp-includes\media.php:598
[24-03-2022 12:48:21] Error E_WARNING: A non-numeric value encountered in C:\xampp\htdocs\wordpress\wp-includes\media.php:600
[24-03-2022 12:48:21] Error E_WARNING: A non-numeric value encountered in C:\xampp\htdocs\wordpress\wp-includes\media.php:598
[24-03-2022 12:48:21] Error E_WARNING: A non-numeric value encountered in C:\xampp\htdocs\wordpress\wp-includes\media.php:600
[24-03-2022 12:48:21] Error E_WARNING: imagecreatetruecolor(): Invalid image dimensions in C:\xampp\htdocs\wordpress\wp-includes\media.php:3669
[24-03-2022 12:48:22] Error E_WARNING: imagecopyresampled() expects parameter 1 to be resource, bool given in C:\xampp\htdocs\wordpress\wp-includes\class-wp-image-editor-gd.php:206
[24-03-2022 13:12:02] Error E_WARNING: A non-numeric value encountered in C:\xampp\htdocs\wordpress\wp-includes\media.php:598
[24-03-2022 13:12:02] Error E_WARNING: A non-numeric value encountered in C:\xampp\htdocs\wordpress\wp-includes\media.php:600
[24-03-2022 13:12:02] Error E_WARNING: A non-numeric value encountered in C:\xampp\htdocs\wordpress\wp-includes\media.php:598
[24-03-2022 13:12:02] Error E_WARNING: A non-numeric value encountered in C:\xampp\htdocs\wordpress\wp-includes\media.php:600
[24-03-2022 13:12:02] Error E_WARNING: imagecreatetruecolor(): Invalid image dimensions in C:\xampp\htdocs\wordpress\wp-includes\media.php:3669
[24-03-2022 13:12:02] Error E_WARNING: imagecopyresampled() expects parameter 1 to be resource, bool given in C:\xampp\htdocs\wordpress\wp-includes\class-wp-image-editor-gd.php:206
[24-03-2022 13:25:23] Error E_WARNING: A non-numeric value encountered in C:\xampp\htdocs\wordpress\wp-includes\media.php:598
[24-03-2022 13:25:23] Error E_WARNING: A non-numeric value encountered in C:\xampp\htdocs\wordpress\wp-includes\media.php:600
[24-03-2022 13:25:23] Error E_WARNING: A non-numeric value encountered in C:\xampp\htdocs\wordpress\wp-includes\media.php:598
[24-03-2022 13:25:23] Error E_WARNING: A non-numeric value encountered in C:\xampp\htdocs\wordpress\wp-includes\media.php:600
[24-03-2022 13:25:23] Error E_WARNING: imagecreatetruecolor(): Invalid image dimensions in C:\xampp\htdocs\wordpress\wp-includes\media.php:3669
[24-03-2022 13:25:23] Error E_WARNING: imagecopyresampled() expects parameter 1 to be resource, bool given in C:\xampp\htdocs\wordpress\wp-includes\class-wp-image-editor-gd.php:206
[24-03-2022 13:25:29] Error E_WARNING: A non-numeric value encountered in C:\xampp\htdocs\wordpress\wp-content\plugins\elementor\includes\libraries\bfi-thumb\bfi-thumb.php:748
[24-03-2022 13:25:29] Error E_WARNING: A non-numeric value encountered in C:\xampp\htdocs\wordpress\wp-content\plugins\elementor\includes\libraries\bfi-thumb\bfi-thumb.php:750
[24-03-2022 13:25:29] Error E_WARNING: A non-numeric value encountered in C:\xampp\htdocs\wordpress\wp-includes\media.php:598
[24-03-2022 13:25:29] Error E_WARNING: A non-numeric value encountered in C:\xampp\htdocs\wordpress\wp-includes\media.php:600
[24-03-2022 13:25:29] Error E_WARNING: A non-numeric value encountered in C:\xampp\htdocs\wordpress\wp-content\plugins\elementor\includes\libraries\bfi-thumb\bfi-thumb.php:748
[24-03-2022 13:25:29] Error E_WARNING: A non-numeric value encountered in C:\xampp\htdocs\wordpress\wp-content\plugins\elementor\includes\libraries\bfi-thumb\bfi-thumb.php:750
[24-03-2022 13:25:29] Error E_WARNING: A non-numeric value encountered in C:\xampp\htdocs\wordpress\wp-includes\media.php:598
[24-03-2022 13:25:29] Error E_WARNING: A non-numeric value encountered in C:\xampp\htdocs\wordpress\wp-includes\media.php:600
[24-03-2022 13:25:29] Error E_WARNING: imagecreatetruecolor(): Invalid image dimensions in C:\xampp\htdocs\wordpress\wp-includes\media.php:3669
[24-03-2022 13:25:29] Error E_WARNING: imagecopyresampled() expects parameter 1 to be resource, bool given in C:\xampp\htdocs\wordpress\wp-includes\class-wp-image-editor-gd.php:206
[24-03-2022 13:27:36] Error E_WARNING: A non-numeric value encountered in C:\xampp\htdocs\wordpress\wp-includes\media.php:598
[24-03-2022 13:27:36] Error E_WARNING: A non-numeric value encountered in C:\xampp\htdocs\wordpress\wp-includes\media.php:600
[24-03-2022 13:27:36] Error E_WARNING: A non-numeric value encountered in C:\xampp\htdocs\wordpress\wp-includes\media.php:598
[24-03-2022 13:27:36] Error E_WARNING: A non-numeric value encountered in C:\xampp\htdocs\wordpress\wp-includes\media.php:600
[24-03-2022 13:27:36] Error E_WARNING: imagecreatetruecolor(): Invalid image dimensions in C:\xampp\htdocs\wordpress\wp-includes\media.php:3669
[24-03-2022 13:27:36] Error E_WARNING: imagecopyresampled() expects parameter 1 to be resource, bool given in C:\xampp\htdocs\wordpress\wp-includes\class-wp-image-editor-gd.php:206
[24-03-2022 13:27:41] Error E_WARNING: A non-numeric value encountered in C:\xampp\htdocs\wordpress\wp-content\plugins\elementor\includes\libraries\bfi-thumb\bfi-thumb.php:748
[24-03-2022 13:27:41] Error E_WARNING: A non-numeric value encountered in C:\xampp\htdocs\wordpress\wp-content\plugins\elementor\includes\libraries\bfi-thumb\bfi-thumb.php:750
[24-03-2022 13:27:41] Error E_WARNING: A non-numeric value encountered in C:\xampp\htdocs\wordpress\wp-includes\media.php:598
[24-03-2022 13:27:41] Error E_WARNING: A non-numeric value encountered in C:\xampp\htdocs\wordpress\wp-includes\media.php:600
[24-03-2022 13:27:41] Error E_WARNING: A non-numeric value encountered in C:\xampp\htdocs\wordpress\wp-content\plugins\elementor\includes\libraries\bfi-thumb\bfi-thumb.php:748
[24-03-2022 13:27:41] Error E_WARNING: A non-numeric value encountered in C:\xampp\htdocs\wordpress\wp-content\plugins\elementor\includes\libraries\bfi-thumb\bfi-thumb.php:750
[24-03-2022 13:27:41] Error E_WARNING: A non-numeric value encountered in C:\xampp\htdocs\wordpress\wp-includes\media.php:598
[24-03-2022 13:27:41] Error E_WARNING: A non-numeric value encountered in C:\xampp\htdocs\wordpress\wp-includes\media.php:600
[24-03-2022 13:27:41] Error E_WARNING: imagecreatetruecolor(): Invalid image dimensions in C:\xampp\htdocs\wordpress\wp-includes\media.php:3669
[24-03-2022 13:27:41] Error E_WARNING: imagecopyresampled() expects parameter 1 to be resource, bool given in C:\xampp\htdocs\wordpress\wp-includes\class-wp-image-editor-gd.php:206
[24-03-2022 13:29:33] Error E_WARNING: A non-numeric value encountered in C:\xampp\htdocs\wordpress\wp-includes\media.php:598
[24-03-2022 13:29:33] Error E_WARNING: A non-numeric value encountered in C:\xampp\htdocs\wordpress\wp-includes\media.php:600
[24-03-2022 13:29:33] Error E_WARNING: A non-numeric value encountered in C:\xampp\htdocs\wordpress\wp-includes\media.php:598
[24-03-2022 13:29:33] Error E_WARNING: A non-numeric value encountered in C:\xampp\htdocs\wordpress\wp-includes\media.php:600
[24-03-2022 13:29:33] Error E_WARNING: imagecreatetruecolor(): Invalid image dimensions in C:\xampp\htdocs\wordpress\wp-includes\media.php:3669
[24-03-2022 13:29:33] Error E_WARNING: imagecopyresampled() expects parameter 1 to be resource, bool given in C:\xampp\htdocs\wordpress\wp-includes\class-wp-image-editor-gd.php:206
[24-03-2022 13:29:38] Error E_WARNING: A non-numeric value encountered in C:\xampp\htdocs\wordpress\wp-content\plugins\elementor\includes\libraries\bfi-thumb\bfi-thumb.php:748
[24-03-2022 13:29:38] Error E_WARNING: A non-numeric value encountered in C:\xampp\htdocs\wordpress\wp-content\plugins\elementor\includes\libraries\bfi-thumb\bfi-thumb.php:750
[24-03-2022 13:29:38] Error E_WARNING: A non-numeric value encountered in C:\xampp\htdocs\wordpress\wp-includes\media.php:598
[24-03-2022 13:29:38] Error E_WARNING: A non-numeric value encountered in C:\xampp\htdocs\wordpress\wp-includes\media.php:600
[24-03-2022 13:29:38] Error E_WARNING: A non-numeric value encountered in C:\xampp\htdocs\wordpress\wp-content\plugins\elementor\includes\libraries\bfi-thumb\bfi-thumb.php:748
[24-03-2022 13:29:38] Error E_WARNING: A non-numeric value encountered in C:\xampp\htdocs\wordpress\wp-content\plugins\elementor\includes\libraries\bfi-thumb\bfi-thumb.php:750
[24-03-2022 13:29:38] Error E_WARNING: A non-numeric value encountered in C:\xampp\htdocs\wordpress\wp-includes\media.php:598
[24-03-2022 13:29:38] Error E_WARNING: A non-numeric value encountered in C:\xampp\htdocs\wordpress\wp-includes\media.php:600
[24-03-2022 13:29:38] Error E_WARNING: imagecreatetruecolor(): Invalid image dimensions in C:\xampp\htdocs\wordpress\wp-includes\media.php:3669
[24-03-2022 13:29:38] Error E_WARNING: imagecopyresampled() expects parameter 1 to be resource, bool given in C:\xampp\htdocs\wordpress\wp-includes\class-wp-image-editor-gd.php:206
[24-03-2022 13:31:33] Error E_WARNING: A non-numeric value encountered in C:\xampp\htdocs\wordpress\wp-includes\media.php:598
[24-03-2022 13:31:33] Error E_WARNING: A non-numeric value encountered in C:\xampp\htdocs\wordpress\wp-includes\media.php:600
[24-03-2022 13:31:33] Error E_WARNING: A non-numeric value encountered in C:\xampp\htdocs\wordpress\wp-includes\media.php:598
[24-03-2022 13:31:33] Error E_WARNING: A non-numeric value encountered in C:\xampp\htdocs\wordpress\wp-includes\media.php:600
[24-03-2022 13:31:33] Error E_WARNING: imagecreatetruecolor(): Invalid image dimensions in C:\xampp\htdocs\wordpress\wp-includes\media.php:3669
[24-03-2022 13:31:33] Error E_WARNING: imagecopyresampled() expects parameter 1 to be resource, bool given in C:\xampp\htdocs\wordpress\wp-includes\class-wp-image-editor-gd.php:206
[24-03-2022 13:31:36] Error E_WARNING: A non-numeric value encountered in C:\xampp\htdocs\wordpress\wp-content\plugins\elementor\includes\libraries\bfi-thumb\bfi-thumb.php:748
[24-03-2022 13:31:36] Error E_WARNING: A non-numeric value encountered in C:\xampp\htdocs\wordpress\wp-content\plugins\elementor\includes\libraries\bfi-thumb\bfi-thumb.php:750
[24-03-2022 13:31:36] Error E_WARNING: A non-numeric value encountered in C:\xampp\htdocs\wordpress\wp-includes\media.php:598
[24-03-2022 13:31:36] Error E_WARNING: A non-numeric value encountered in C:\xampp\htdocs\wordpress\wp-includes\media.php:600
[24-03-2022 13:31:36] Error E_WARNING: A non-numeric value encountered in C:\xampp\htdocs\wordpress\wp-content\plugins\elementor\includes\libraries\bfi-thumb\bfi-thumb.php:748
[24-03-2022 13:31:36] Error E_WARNING: A non-numeric value encountered in C:\xampp\htdocs\wordpress\wp-content\plugins\elementor\includes\libraries\bfi-thumb\bfi-thumb.php:750
[24-03-2022 13:31:36] Error E_WARNING: A non-numeric value encountered in C:\xampp\htdocs\wordpress\wp-includes\media.php:598
[24-03-2022 13:31:36] Error E_WARNING: A non-numeric value encountered in C:\xampp\htdocs\wordpress\wp-includes\media.php:600
[24-03-2022 13:31:36] Error E_WARNING: imagecreatetruecolor(): Invalid image dimensions in C:\xampp\htdocs\wordpress\wp-includes\media.php:3669
[24-03-2022 13:31:36] Error E_WARNING: imagecopyresampled() expects parameter 1 to be resource, bool given in C:\xampp\htdocs\wordpress\wp-includes\class-wp-image-editor-gd.php:206
[24-03-2022 13:34:02] Error E_WARNING: A non-numeric value encountered in C:\xampp\htdocs\wordpress\wp-includes\media.php:598
[24-03-2022 13:34:02] Error E_WARNING: A non-numeric value encountered in C:\xampp\htdocs\wordpress\wp-includes\media.php:600
[24-03-2022 13:34:02] Error E_WARNING: A non-numeric value encountered in C:\xampp\htdocs\wordpress\wp-includes\media.php:598
[24-03-2022 13:34:02] Error E_WARNING: A non-numeric value encountered in C:\xampp\htdocs\wordpress\wp-includes\media.php:600
[24-03-2022 13:34:02] Error E_WARNING: imagecreatetruecolor(): Invalid image dimensions in C:\xampp\htdocs\wordpress\wp-includes\media.php:3669
[24-03-2022 13:34:02] Error E_WARNING: imagecopyresampled() expects parameter 1 to be resource, bool given in C:\xampp\htdocs\wordpress\wp-includes\class-wp-image-editor-gd.php:206
[24-03-2022 13:34:14] Error E_WARNING: A non-numeric value encountered in C:\xampp\htdocs\wordpress\wp-includes\media.php:598
[24-03-2022 13:34:14] Error E_WARNING: A non-numeric value encountered in C:\xampp\htdocs\wordpress\wp-includes\media.php:600
[24-03-2022 13:34:14] Error E_WARNING: A non-numeric value encountered in C:\xampp\htdocs\wordpress\wp-includes\media.php:598
[24-03-2022 13:34:14] Error E_WARNING: A non-numeric value encountered in C:\xampp\htdocs\wordpress\wp-includes\media.php:600
[24-03-2022 13:34:14] Error E_WARNING: imagecreatetruecolor(): Invalid image dimensions in C:\xampp\htdocs\wordpress\wp-includes\media.php:3669
[24-03-2022 13:34:14] Error E_WARNING: imagecopyresampled() expects parameter 1 to be resource, bool given in C:\xampp\htdocs\wordpress\wp-includes\class-wp-image-editor-gd.php:206
[24-03-2022 13:34:20] Error E_WARNING: A non-numeric value encountered in C:\xampp\htdocs\wordpress\wp-content\plugins\elementor\includes\libraries\bfi-thumb\bfi-thumb.php:748
[24-03-2022 13:34:20] Error E_WARNING: A non-numeric value encountered in C:\xampp\htdocs\wordpress\wp-content\plugins\elementor\includes\libraries\bfi-thumb\bfi-thumb.php:750
[24-03-2022 13:34:20] Error E_WARNING: A non-numeric value encountered in C:\xampp\htdocs\wordpress\wp-includes\media.php:598
[24-03-2022 13:34:20] Error E_WARNING: A non-numeric value encountered in C:\xampp\htdocs\wordpress\wp-includes\media.php:600
[24-03-2022 13:34:20] Error E_WARNING: A non-numeric value encountered in C:\xampp\htdocs\wordpress\wp-content\plugins\elementor\includes\libraries\bfi-thumb\bfi-thumb.php:748
[24-03-2022 13:34:20] Error E_WARNING: A non-numeric value encountered in C:\xampp\htdocs\wordpress\wp-content\plugins\elementor\includes\libraries\bfi-thumb\bfi-thumb.php:750
[24-03-2022 13:34:20] Error E_WARNING: A non-numeric value encountered in C:\xampp\htdocs\wordpress\wp-includes\media.php:598
[24-03-2022 13:34:20] Error E_WARNING: A non-numeric value encountered in C:\xampp\htdocs\wordpress\wp-includes\media.php:600
[24-03-2022 13:34:20] Error E_WARNING: imagecreatetruecolor(): Invalid image dimensions in C:\xampp\htdocs\wordpress\wp-includes\media.php:3669
[24-03-2022 13:34:20] Error E_WARNING: imagecopyresampled() expects parameter 1 to be resource, bool given in C:\xampp\htdocs\wordpress\wp-includes\class-wp-image-editor-gd.php:206
[24-03-2022 13:41:29] Error E_WARNING: A non-numeric value encountered in C:\xampp\htdocs\wordpress\wp-content\plugins\elementor\includes\libraries\bfi-thumb\bfi-thumb.php:748
[24-03-2022 13:41:29] Error E_WARNING: A non-numeric value encountered in C:\xampp\htdocs\wordpress\wp-content\plugins\elementor\includes\libraries\bfi-thumb\bfi-thumb.php:750
[24-03-2022 13:41:29] Error E_WARNING: A non-numeric value encountered in C:\xampp\htdocs\wordpress\wp-includes\media.php:598
[24-03-2022 13:41:29] Error E_WARNING: A non-numeric value encountered in C:\xampp\htdocs\wordpress\wp-includes\media.php:600
[24-03-2022 13:41:29] Error E_WARNING: A non-numeric value encountered in C:\xampp\htdocs\wordpress\wp-content\plugins\elementor\includes\libraries\bfi-thumb\bfi-thumb.php:748
[24-03-2022 13:41:29] Error E_WARNING: A non-numeric value encountered in C:\xampp\htdocs\wordpress\wp-content\plugins\elementor\includes\libraries\bfi-thumb\bfi-thumb.php:750
[24-03-2022 13:41:29] Error E_WARNING: A non-numeric value encountered in C:\xampp\htdocs\wordpress\wp-includes\media.php:598
[24-03-2022 13:41:29] Error E_WARNING: A non-numeric value encountered in C:\xampp\htdocs\wordpress\wp-includes\media.php:600
[24-03-2022 13:41:29] Error E_WARNING: imagecreatetruecolor(): Invalid image dimensions in C:\xampp\htdocs\wordpress\wp-includes\media.php:3669
[24-03-2022 13:41:29] Error E_WARNING: imagecopyresampled() expects parameter 1 to be resource, bool given in C:\xampp\htdocs\wordpress\wp-includes\class-wp-image-editor-gd.php:206
[24-03-2022 13:52:00] Error E_WARNING: A non-numeric value encountered in C:\xampp\htdocs\wordpress\wp-content\plugins\elementor\includes\libraries\bfi-thumb\bfi-thumb.php:748
[24-03-2022 13:52:00] Error E_WARNING: A non-numeric value encountered in C:\xampp\htdocs\wordpress\wp-content\plugins\elementor\includes\libraries\bfi-thumb\bfi-thumb.php:750
[24-03-2022 13:52:00] Error E_WARNING: A non-numeric value encountered in C:\xampp\htdocs\wordpress\wp-includes\media.php:598
[24-03-2022 13:52:00] Error E_WARNING: A non-numeric value encountered in C:\xampp\htdocs\wordpress\wp-includes\media.php:600
[24-03-2022 13:52:00] Error E_WARNING: A non-numeric value encountered in C:\xampp\htdocs\wordpress\wp-content\plugins\elementor\includes\libraries\bfi-thumb\bfi-thumb.php:748
[24-03-2022 13:52:00] Error E_WARNING: A non-numeric value encountered in C:\xampp\htdocs\wordpress\wp-content\plugins\elementor\includes\libraries\bfi-thumb\bfi-thumb.php:750
[24-03-2022 13:52:00] Error E_WARNING: A non-numeric value encountered in C:\xampp\htdocs\wordpress\wp-includes\media.php:598
[24-03-2022 13:52:00] Error E_WARNING: A non-numeric value encountered in C:\xampp\htdocs\wordpress\wp-includes\media.php:600
[24-03-2022 13:52:00] Error E_WARNING: imagecreatetruecolor(): Invalid image dimensions in C:\xampp\htdocs\wordpress\wp-includes\media.php:3669
[24-03-2022 13:52:00] Error E_WARNING: imagecopyresampled() expects parameter 1 to be resource, bool given in C:\xampp\htdocs\wordpress\wp-includes\class-wp-image-editor-gd.php:206
[24-03-2022 13:56:38] Error E_WARNING: A non-numeric value encountered in C:\xampp\htdocs\wordpress\wp-includes\media.php:598
[24-03-2022 13:56:38] Error E_WARNING: A non-numeric value encountered in C:\xampp\htdocs\wordpress\wp-includes\media.php:600
[24-03-2022 13:56:38] Error E_WARNING: A non-numeric value encountered in C:\xampp\htdocs\wordpress\wp-includes\media.php:598
[24-03-2022 13:56:38] Error E_WARNING: A non-numeric value encountered in C:\xampp\htdocs\wordpress\wp-includes\media.php:600
[24-03-2022 13:56:38] Error E_WARNING: imagecreatetruecolor(): Invalid image dimensions in C:\xampp\htdocs\wordpress\wp-includes\media.php:3669
[24-03-2022 13:56:38] Error E_WARNING: imagecopyresampled() expects parameter 1 to be resource, bool given in C:\xampp\htdocs\wordpress\wp-includes\class-wp-image-editor-gd.php:206
[24-03-2022 13:58:47] Error E_WARNING: A non-numeric value encountered in C:\xampp\htdocs\wordpress\wp-includes\media.php:598
[24-03-2022 13:58:47] Error E_WARNING: A non-numeric value encountered in C:\xampp\htdocs\wordpress\wp-includes\media.php:600
[24-03-2022 13:58:47] Error E_WARNING: A non-numeric value encountered in C:\xampp\htdocs\wordpress\wp-includes\media.php:598
[24-03-2022 13:58:47] Error E_WARNING: A non-numeric value encountered in C:\xampp\htdocs\wordpress\wp-includes\media.php:600
[24-03-2022 13:58:47] Error E_WARNING: imagecreatetruecolor(): Invalid image dimensions in C:\xampp\htdocs\wordpress\wp-includes\media.php:3669
[24-03-2022 13:58:47] Error E_WARNING: imagecopyresampled() expects parameter 1 to be resource, bool given in C:\xampp\htdocs\wordpress\wp-includes\class-wp-image-editor-gd.php:206
[24-03-2022 14:38:19] Error E_WARNING: A non-numeric value encountered in C:\xampp\htdocs\wordpress\wp-includes\media.php:598
[24-03-2022 14:38:19] Error E_WARNING: A non-numeric value encountered in C:\xampp\htdocs\wordpress\wp-includes\media.php:600
[24-03-2022 14:38:19] Error E_WARNING: A non-numeric value encountered in C:\xampp\htdocs\wordpress\wp-includes\media.php:598
[24-03-2022 14:38:19] Error E_WARNING: A non-numeric value encountered in C:\xampp\htdocs\wordpress\wp-includes\media.php:600
[24-03-2022 14:38:19] Error E_WARNING: imagecreatetruecolor(): Invalid image dimensions in C:\xampp\htdocs\wordpress\wp-includes\media.php:3669
[24-03-2022 14:38:19] Error E_WARNING: imagecopyresampled() expects parameter 1 to be resource, bool given in C:\xampp\htdocs\wordpress\wp-includes\class-wp-image-editor-gd.php:206
[24-03-2022 14:38:25] Error E_WARNING: A non-numeric value encountered in C:\xampp\htdocs\wordpress\wp-content\plugins\elementor\includes\libraries\bfi-thumb\bfi-thumb.php:748
[24-03-2022 14:38:25] Error E_WARNING: A non-numeric value encountered in C:\xampp\htdocs\wordpress\wp-content\plugins\elementor\includes\libraries\bfi-thumb\bfi-thumb.php:750
[24-03-2022 14:38:25] Error E_WARNING: A non-numeric value encountered in C:\xampp\htdocs\wordpress\wp-includes\media.php:598
[24-03-2022 14:38:25] Error E_WARNING: A non-numeric value encountered in C:\xampp\htdocs\wordpress\wp-includes\media.php:600
[24-03-2022 14:38:25] Error E_WARNING: A non-numeric value encountered in C:\xampp\htdocs\wordpress\wp-content\plugins\elementor\includes\libraries\bfi-thumb\bfi-thumb.php:748
[24-03-2022 14:38:25] Error E_WARNING: A non-numeric value encountered in C:\xampp\htdocs\wordpress\wp-content\plugins\elementor\includes\libraries\bfi-thumb\bfi-thumb.php:750
[24-03-2022 14:38:25] Error E_WARNING: A non-numeric value encountered in C:\xampp\htdocs\wordpress\wp-includes\media.php:598
[24-03-2022 14:38:25] Error E_WARNING: A non-numeric value encountered in C:\xampp\htdocs\wordpress\wp-includes\media.php:600
[24-03-2022 14:38:25] Error E_WARNING: imagecreatetruecolor(): Invalid image dimensions in C:\xampp\htdocs\wordpress\wp-includes\media.php:3669
[24-03-2022 14:38:25] Error E_WARNING: imagecopyresampled() expects parameter 1 to be resource, bool given in C:\xampp\htdocs\wordpress\wp-includes\class-wp-image-editor-gd.php:206
[24-03-2022 14:55:37] Error E_WARNING: A non-numeric value encountered in C:\xampp\htdocs\wordpress\wp-content\plugins\elementor\includes\libraries\bfi-thumb\bfi-thumb.php:748
[24-03-2022 14:55:37] Error E_WARNING: A non-numeric value encountered in C:\xampp\htdocs\wordpress\wp-content\plugins\elementor\includes\libraries\bfi-thumb\bfi-thumb.php:750
[24-03-2022 14:55:37] Error E_WARNING: A non-numeric value encountered in C:\xampp\htdocs\wordpress\wp-includes\media.php:598
[24-03-2022 14:55:37] Error E_WARNING: A non-numeric value encountered in C:\xampp\htdocs\wordpress\wp-includes\media.php:600
[24-03-2022 14:55:37] Error E_WARNING: A non-numeric value encountered in C:\xampp\htdocs\wordpress\wp-content\plugins\elementor\includes\libraries\bfi-thumb\bfi-thumb.php:748
[24-03-2022 14:55:37] Error E_WARNING: A non-numeric value encountered in C:\xampp\htdocs\wordpress\wp-content\plugins\elementor\includes\libraries\bfi-thumb\bfi-thumb.php:750
[24-03-2022 14:55:37] Error E_WARNING: A non-numeric value encountered in C:\xampp\htdocs\wordpress\wp-includes\media.php:598
[24-03-2022 14:55:37] Error E_WARNING: A non-numeric value encountered in C:\xampp\htdocs\wordpress\wp-includes\media.php:600
[24-03-2022 14:55:37] Error E_WARNING: imagecreatetruecolor(): Invalid image dimensions in C:\xampp\htdocs\wordpress\wp-includes\media.php:3669
[24-03-2022 14:55:37] Error E_WARNING: imagecopyresampled() expects parameter 1 to be resource, bool given in C:\xampp\htdocs\wordpress\wp-includes\class-wp-image-editor-gd.php:206
[24-03-2022 15:26:52] Error E_WARNING: A non-numeric value encountered in C:\xampp\htdocs\wordpress\wp-content\plugins\elementor\includes\libraries\bfi-thumb\bfi-thumb.php:748
[24-03-2022 15:26:52] Error E_WARNING: A non-numeric value encountered in C:\xampp\htdocs\wordpress\wp-content\plugins\elementor\includes\libraries\bfi-thumb\bfi-thumb.php:750
[24-03-2022 15:26:52] Error E_WARNING: A non-numeric value encountered in C:\xampp\htdocs\wordpress\wp-includes\media.php:598
[24-03-2022 15:26:52] Error E_WARNING: A non-numeric value encountered in C:\xampp\htdocs\wordpress\wp-includes\media.php:600
[24-03-2022 15:26:52] Error E_WARNING: A non-numeric value encountered in C:\xampp\htdocs\wordpress\wp-content\plugins\elementor\includes\libraries\bfi-thumb\bfi-thumb.php:748
[24-03-2022 15:26:52] Error E_WARNING: A non-numeric value encountered in C:\xampp\htdocs\wordpress\wp-content\plugins\elementor\includes\libraries\bfi-thumb\bfi-thumb.php:750
[24-03-2022 15:26:52] Error E_WARNING: A non-numeric value encountered in C:\xampp\htdocs\wordpress\wp-includes\media.php:598
[24-03-2022 15:26:52] Error E_WARNING: A non-numeric value encountered in C:\xampp\htdocs\wordpress\wp-includes\media.php:600
[24-03-2022 15:26:52] Error E_WARNING: imagecreatetruecolor(): Invalid image dimensions in C:\xampp\htdocs\wordpress\wp-includes\media.php:3669
[24-03-2022 15:26:52] Error E_WARNING: imagecopyresampled() expects parameter 1 to be resource, bool given in C:\xampp\htdocs\wordpress\wp-includes\class-wp-image-editor-gd.php:206
[24-03-2022 15:33:55] Error E_WARNING: A non-numeric value encountered in C:\xampp\htdocs\wordpress\wp-content\plugins\elementor\includes\libraries\bfi-thumb\bfi-thumb.php:748
[24-03-2022 15:33:55] Error E_WARNING: A non-numeric value encountered in C:\xampp\htdocs\wordpress\wp-content\plugins\elementor\includes\libraries\bfi-thumb\bfi-thumb.php:750
[24-03-2022 15:33:55] Error E_WARNING: A non-numeric value encountered in C:\xampp\htdocs\wordpress\wp-includes\media.php:598
[24-03-2022 15:33:55] Error E_WARNING: A non-numeric value encountered in C:\xampp\htdocs\wordpress\wp-includes\media.php:600
[24-03-2022 15:33:55] Error E_WARNING: A non-numeric value encountered in C:\xampp\htdocs\wordpress\wp-content\plugins\elementor\includes\libraries\bfi-thumb\bfi-thumb.php:748
[24-03-2022 15:33:55] Error E_WARNING: A non-numeric value encountered in C:\xampp\htdocs\wordpress\wp-content\plugins\elementor\includes\libraries\bfi-thumb\bfi-thumb.php:750
[24-03-2022 15:33:55] Error E_WARNING: A non-numeric value encountered in C:\xampp\htdocs\wordpress\wp-includes\media.php:598
[24-03-2022 15:33:55] Error E_WARNING: A non-numeric value encountered in C:\xampp\htdocs\wordpress\wp-includes\media.php:600
[24-03-2022 15:33:55] Error E_WARNING: imagecreatetruecolor(): Invalid image dimensions in C:\xampp\htdocs\wordpress\wp-includes\media.php:3669
[24-03-2022 15:33:55] Error E_WARNING: imagecopyresampled() expects parameter 1 to be resource, bool given in C:\xampp\htdocs\wordpress\wp-includes\class-wp-image-editor-gd.php:206
[24-03-2022 15:34:38] Error E_WARNING: A non-numeric value encountered in C:\xampp\htdocs\wordpress\wp-content\plugins\elementor\includes\libraries\bfi-thumb\bfi-thumb.php:748
[24-03-2022 15:34:38] Error E_WARNING: A non-numeric value encountered in C:\xampp\htdocs\wordpress\wp-content\plugins\elementor\includes\libraries\bfi-thumb\bfi-thumb.php:750
[24-03-2022 15:34:38] Error E_WARNING: A non-numeric value encountered in C:\xampp\htdocs\wordpress\wp-includes\media.php:598
[24-03-2022 15:34:38] Error E_WARNING: A non-numeric value encountered in C:\xampp\htdocs\wordpress\wp-includes\media.php:600
[24-03-2022 15:34:38] Error E_WARNING: A non-numeric value encountered in C:\xampp\htdocs\wordpress\wp-content\plugins\elementor\includes\libraries\bfi-thumb\bfi-thumb.php:748
[24-03-2022 15:34:38] Error E_WARNING: A non-numeric value encountered in C:\xampp\htdocs\wordpress\wp-content\plugins\elementor\includes\libraries\bfi-thumb\bfi-thumb.php:750
[24-03-2022 15:34:38] Error E_WARNING: A non-numeric value encountered in C:\xampp\htdocs\wordpress\wp-includes\media.php:598
[24-03-2022 15:34:38] Error E_WARNING: A non-numeric value encountered in C:\xampp\htdocs\wordpress\wp-includes\media.php:600
[24-03-2022 15:34:38] Error E_WARNING: imagecreatetruecolor(): Invalid image dimensions in C:\xampp\htdocs\wordpress\wp-includes\media.php:3669
[24-03-2022 15:34:38] Error E_WARNING: imagecopyresampled() expects parameter 1 to be resource, bool given in C:\xampp\htdocs\wordpress\wp-includes\class-wp-image-editor-gd.php:206
[24-03-2022 15:36:07] Error E_WARNING: A non-numeric value encountered in C:\xampp\htdocs\wordpress\wp-content\plugins\elementor\includes\libraries\bfi-thumb\bfi-thumb.php:748
[24-03-2022 15:36:07] Error E_WARNING: A non-numeric value encountered in C:\xampp\htdocs\wordpress\wp-content\plugins\elementor\includes\libraries\bfi-thumb\bfi-thumb.php:750
[24-03-2022 15:36:07] Error E_WARNING: A non-numeric value encountered in C:\xampp\htdocs\wordpress\wp-includes\media.php:598
[24-03-2022 15:36:07] Error E_WARNING: A non-numeric value encountered in C:\xampp\htdocs\wordpress\wp-includes\media.php:600
[24-03-2022 15:36:07] Error E_WARNING: A non-numeric value encountered in C:\xampp\htdocs\wordpress\wp-content\plugins\elementor\includes\libraries\bfi-thumb\bfi-thumb.php:748
[24-03-2022 15:36:07] Error E_WARNING: A non-numeric value encountered in C:\xampp\htdocs\wordpress\wp-content\plugins\elementor\includes\libraries\bfi-thumb\bfi-thumb.php:750
[24-03-2022 15:36:07] Error E_WARNING: A non-numeric value encountered in C:\xampp\htdocs\wordpress\wp-includes\media.php:598
[24-03-2022 15:36:07] Error E_WARNING: A non-numeric value encountered in C:\xampp\htdocs\wordpress\wp-includes\media.php:600
[24-03-2022 15:36:07] Error E_WARNING: imagecreatetruecolor(): Invalid image dimensions in C:\xampp\htdocs\wordpress\wp-includes\media.php:3669
[24-03-2022 15:36:07] Error E_WARNING: imagecopyresampled() expects parameter 1 to be resource, bool given in C:\xampp\htdocs\wordpress\wp-includes\class-wp-image-editor-gd.php:206
[24-03-2022 15:42:20] Error E_WARNING: A non-numeric value encountered in C:\xampp\htdocs\wordpress\wp-content\plugins\elementor\includes\libraries\bfi-thumb\bfi-thumb.php:748
[24-03-2022 15:42:20] Error E_WARNING: A non-numeric value encountered in C:\xampp\htdocs\wordpress\wp-content\plugins\elementor\includes\libraries\bfi-thumb\bfi-thumb.php:750
[24-03-2022 15:42:20] Error E_WARNING: A non-numeric value encountered in C:\xampp\htdocs\wordpress\wp-includes\media.php:598
[24-03-2022 15:42:20] Error E_WARNING: A non-numeric value encountered in C:\xampp\htdocs\wordpress\wp-includes\media.php:600
[24-03-2022 15:42:20] Error E_WARNING: A non-numeric value encountered in C:\xampp\htdocs\wordpress\wp-content\plugins\elementor\includes\libraries\bfi-thumb\bfi-thumb.php:748
[24-03-2022 15:42:20] Error E_WARNING: A non-numeric value encountered in C:\xampp\htdocs\wordpress\wp-content\plugins\elementor\includes\libraries\bfi-thumb\bfi-thumb.php:750
[24-03-2022 15:42:20] Error E_WARNING: A non-numeric value encountered in C:\xampp\htdocs\wordpress\wp-includes\media.php:598
[24-03-2022 15:42:20] Error E_WARNING: A non-numeric value encountered in C:\xampp\htdocs\wordpress\wp-includes\media.php:600
[24-03-2022 15:42:20] Error E_WARNING: imagecreatetruecolor(): Invalid image dimensions in C:\xampp\htdocs\wordpress\wp-includes\media.php:3669
[24-03-2022 15:42:20] Error E_WARNING: imagecopyresampled() expects parameter 1 to be resource, bool given in C:\xampp\htdocs\wordpress\wp-includes\class-wp-image-editor-gd.php:206
[24-03-2022 15:43:07] Error E_WARNING: A non-numeric value encountered in C:\xampp\htdocs\wordpress\wp-content\plugins\elementor\includes\libraries\bfi-thumb\bfi-thumb.php:748
[24-03-2022 15:43:07] Error E_WARNING: A non-numeric value encountered in C:\xampp\htdocs\wordpress\wp-content\plugins\elementor\includes\libraries\bfi-thumb\bfi-thumb.php:750
[24-03-2022 15:43:07] Error E_WARNING: A non-numeric value encountered in C:\xampp\htdocs\wordpress\wp-includes\media.php:598
[24-03-2022 15:43:07] Error E_WARNING: A non-numeric value encountered in C:\xampp\htdocs\wordpress\wp-includes\media.php:600
[24-03-2022 15:43:07] Error E_WARNING: A non-numeric value encountered in C:\xampp\htdocs\wordpress\wp-content\plugins\elementor\includes\libraries\bfi-thumb\bfi-thumb.php:748
[24-03-2022 15:43:07] Error E_WARNING: A non-numeric value encountered in C:\xampp\htdocs\wordpress\wp-content\plugins\elementor\includes\libraries\bfi-thumb\bfi-thumb.php:750
[24-03-2022 15:43:07] Error E_WARNING: A non-numeric value encountered in C:\xampp\htdocs\wordpress\wp-includes\media.php:598
[24-03-2022 15:43:07] Error E_WARNING: A non-numeric value encountered in C:\xampp\htdocs\wordpress\wp-includes\media.php:600
[24-03-2022 15:43:07] Error E_WARNING: imagecreatetruecolor(): Invalid image dimensions in C:\xampp\htdocs\wordpress\wp-includes\media.php:3669
[24-03-2022 15:43:07] Error E_WARNING: imagecopyresampled() expects parameter 1 to be resource, bool given in C:\xampp\htdocs\wordpress\wp-includes\class-wp-image-editor-gd.php:206
